=== backfill_indices.sh 开始 2026-07-14 16:35:04 ===
[backfill] 目标日期 20260714
  [校验] 9 个核心 A 股指数今日(20260714)齐全 ✓
  [校验] 31 个申万行业指数缺今日 20260714 -> 申万 trend API 补采
    - sw_801010 申万源故障/同花顺当日未发布，下次定时任务再补
    - sw_801030 申万源故障/同花顺当日未发布，下次定时任务再补
    - sw_801040 申万源故障/同花顺当日未发布，下次定时任务再补
    - sw_801050 申万源故障/同花顺当日未发布，下次定时任务再补
    - sw_801080 申万源故障/同花顺当日未发布，下次定时任务再补
    - sw_801880 申万源故障/同花顺当日未发布，下次定时任务再补
    - sw_801110 申万源故障/同花顺当日未发布，下次定时任务再补
    - sw_801120 申万源故障/同花顺当日未发布，下次定时任务再补
    - sw_801130 申万源故障/同花顺当日未发布，下次定时任务再补
    - sw_801140 申万源故障/同花顺当日未发布，下次定时任务再补
    - sw_801150 申万源故障/同花顺当日未发布，下次定时任务再补
    - sw_801160 申万源故障/同花顺当日未发布，下次定时任务再补
    - sw_801170 申万源故障/同花顺当日未发布，下次定时任务再补
    - sw_801180 申万源故障/同花顺当日未发布，下次定时任务再补
    - sw_801200 申万源故障/同花顺当日未发布，下次定时任务再补
    - sw_801210 申万源故障/同花顺当日未发布，下次定时任务再补
    - sw_801780 申万源故障/同花顺当日未发布，下次定时任务再补
    - sw_801790 申万源故障/同花顺当日未发布，下次定时任务再补
    - sw_801230 申万源故障/同花顺当日未发布，下次定时任务再补
    - sw_801710 申万源故障/同花顺当日未发布，下次定时任务再补
    - sw_801720 申万源故障/同花顺当日未发布，下次定时任务再补
    - sw_801730 申万源故障/同花顺当日未发布，下次定时任务再补
    - sw_801890 申万源故障/同花顺当日未发布，下次定时任务再补
    - sw_801740 申万源故障/同花顺当日未发布，下次定时任务再补
    - sw_801750 申万源故障/同花顺当日未发布，下次定时任务再补
    - sw_801760 申万源故障/同花顺当日未发布，下次定时任务再补
    - sw_801770 申万源故障/同花顺当日未发布，下次定时任务再补
    - sw_801950 申万源故障/同花顺当日未发布，下次定时任务再补
    - sw_801960 申万源故障/同花顺当日未发布，下次定时任务再补
    - sw_801970 申万源故障/同花顺当日未发布，下次定时任务再补
    - sw_801980 申万源故障/同花顺当日未发布，下次定时任务再补
  [校验] 港股+全球指数(7个) 最新日期检查完成
[backfill] 补采结果 ok=0 fail=31
[backfill] ⚠ 31 个指数三源都缺今日(已写 collect_log 告警)
[backfill] 无新数据(15:33 已采全或三源都缺),跳过重算+推送
=== backfill_indices.sh 结束 2026-07-14 16:35:05 退出码=0 ===
