2026-07-08 23:47:29 [INFO] === check_signals 开始，查询日期：20260708 ===
2026-07-08 23:47:29 [INFO] 查询到 6 个信号（buy=0, sell=0）
2026-07-08 23:47:29 [INFO] ===== 邮件主题 =====
2026-07-08 23:47:29 [INFO] [买卖点信号] 20260708 买:无 卖:无
2026-07-08 23:47:29 [INFO] ===== 邮件正文 =====
2026-07-08 23:47:29 [INFO] 【买卖点信号】20260708  共 6 个信号（买 0 / 卖 0）

═══════════ 📈 买入信号（0） ═══════════
  （无）

═══════════ 📉 卖出信号（0） ═══════════
  （无）

═══════════ ⚠ 其他信号（6） ═══════════
  • 跨市场综合分（s.cross_market）  buy_aux: 布林下轨回归(下轨37.39,value51.86), RSI=49, [情绪分]
    回测(10日) 胜率62.9% 盈亏比3.64 样本97 → 凯利建议仓位 52.7%
  • 量子科技（thsc_300830）  buy_aux: 布林下轨回归(下轨2402,close2415), RSI=35, cross=52[中性]
    回测(10日) 胜率50.0% 盈亏比1.13 样本44 → 凯利建议仓位 5.7%
  • 元宇宙（thsc_308752）  buy_aux: 布林下轨回归(下轨1737,close1739), RSI=35, cross=52[中性]
    回测(10日) 胜率53.3% 盈亏比0.90 样本30 → 凯利建议仓位 1.2%
  • 东数西算(算力)（thsc_308828）  buy_aux: 布林下轨回归(下轨2178,close2190), RSI=35, cross=52[中性]
    回测(10日) 胜率58.3% 盈亏比0.59 样本24 → 凯利=0（不建议）
  • 信创（thsc_309020）  buy_aux: 布林下轨回归(下轨1838,close1873), RSI=38, cross=52[中性]
    回测(10日) 胜率47.4% 盈亏比1.06 样本19 → 凯利=0（不建议）
  • 算力租赁（thsc_309068）  buy_aux: 布林下轨回归(下轨1330,close1343), RSI=35, cross=52[中性]
    回测(10日) 胜率42.1% 盈亏比1.37 样本19 → 凯利=0（不建议）

──────────────────────────────────────────────────
【买卖点规则说明】
• 买入信号（buy）：RSI 上穿 30（超卖反弹启动）。
• 卖出信号（sell）：20 日高点回落 5%（止盈离场）。
  附 RSI 当前值、综合情绪分 cross 状态、相对前一买点涨跌幅。

【免责声明】
本信号由历史数据量化回测生成，仅供研究参考，不构成任何投资建议。
市场有风险，投资需谨慎。请结合自身判断与资金管理做出决策。

—— A股/港股/全球情绪数据复盘看板
   生成时间：2026-07-08 23:47:29
2026-07-08 23:47:30 [INFO] ✓ 邮件已发送至 234058394@qq.com
