2026-07-07 20:10:42 [INFO] === check_signals 开始，查询日期：20260707 ===
2026-07-07 20:10:42 [INFO] 查询到 1 个信号（buy=1, sell=0）
2026-07-07 20:10:42 [INFO] ===== 邮件主题 =====
2026-07-07 20:10:42 [INFO] [买卖点信号] 20260707 1个信号
2026-07-07 20:10:42 [INFO] ===== 邮件正文 =====
2026-07-07 20:10:42 [INFO] 【买卖点信号】20260707  共 1 个信号

═══════════ 📈 买入信号（1） ═══════════
  • g.wti_oil         RSI上穿30(29->31),[指标]

═══════════ 📉 卖出信号（0） ═══════════
  （无）

──────────────────────────────────────────────────
【买卖点规则说明】
• 买入信号（buy）：RSI 上穿 30（超卖反弹启动）。
• 卖出信号（sell）：20 日高点回落 5%（止盈离场）。
  附 RSI 当前值、综合情绪分 cross 状态、相对前一买点涨跌幅。

【免责声明】
本信号由历史数据量化回测生成，仅供研究参考，不构成任何投资建议。
市场有风险，投资需谨慎。请结合自身判断与资金管理做出决策。

—— A股/港股/全球情绪数据复盘看板
   生成时间：2026-07-07 20:10:42
2026-07-07 20:10:43 [INFO] ✓ 邮件已发送至 234058394@qq.com
