=== deploy.sh 开始 2026-07-13 23:51:38 ===
→ 运行 export.py 生成静态 JSON ...
  overview.json (52888 bytes)
  a-stock-1m.json (50108 bytes)
  a-stock-3m.json (138681 bytes)
  a-stock-6m.json (261751 bytes)
  a-stock-1y.json (527678 bytes)
  a-stock-all.json (6842219 bytes)
  hk-1m.json (9105 bytes)
  hk-3m.json (28311 bytes)
  hk-6m.json (54871 bytes)
  hk-1y.json (112496 bytes)
  hk-all.json (1192583 bytes)
  global-1m.json (26085 bytes)
  global-3m.json (64178 bytes)
  global-6m.json (117807 bytes)
  global-1y.json (234253 bytes)
  global-all.json (3137848 bytes)
  sentiment-1m.json (31828 bytes)
  sentiment-3m.json (80867 bytes)
  sentiment-6m.json (145372 bytes)
  sentiment-1y.json (288892 bytes)
  sentiment-all.json (3929377 bytes)
  industry-1m.json (393531 bytes)
  industry-3m.json (975519 bytes)
  industry-6m.json (1792036 bytes)
  industry-1y.json (3414396 bytes)
  industry-all 拆分: 31 行业 + concepts + meta
  metrics.json (2055 bytes)
  futures.json (421262 bytes)
  ad_line.json (38455 bytes)
  volume_ratio.json (45621 bytes)
  position.json (1367 bytes)
  summary.json (897 bytes)
  summary_history.json (85227 bytes)
  signal_freq.json (324 bytes)
  rotation.json (36971 bytes)
  new_high_low.json (25889 bytes)
  ma_alignment.json (19171 bytes)
  intraday_snapshot.json (4857 bytes)
  etf_national_team.json (180538 bytes)
  etf_national_team_quarterly.json (34288 bytes)
  index/*.json (77 files)

导出完成：149 个 JSON 文件，78.6 MB
  - overview: 1
  - tab ranges: 5 tabs × 5 ranges = 25
  - metrics: 1
  - index detail: 77 (all range, full history)
输出目录: /Users/linhuichen/code/trade/static-site/data
✓ export.py 完成
→ 运行 build_min.py 重新生成 min JS ...
=== terser minify 构建 ===
  terser terser 5.49.0 可用
  ✓ web/app.js (169,775B) → web/app.min.js (104,737B, -38.3%) + app.min.js.map (95,488B)
  ✓ web/lab.js (140,718B) → web/lab.min.js (88,627B, -37.0%) + lab.min.js.map (71,340B)
  ✓ static-site/app.js (170,840B) → static-site/app.min.js (104,771B, -38.7%) + app.min.js.map (95,884B)
  ✓ static-site/lab.js (140,688B) → static-site/lab.min.js (88,546B, -37.1%) + lab.min.js.map (71,247B)
完成。记得跑 bump_asset_version.py 刷新 ?v= 版本号。
✓ build_min.py 完成
→ git add static-site/data/ + min JS ...
→ git commit: data update [width] 2026-07-13_23:51
[feat/iframe-theme-follow 2ec99bc] data update [width] 2026-07-13_23:51
 75 files changed, 75 insertions(+), 75 deletions(-)
→ git push ...
To github.com:xp13465/trade-data-signal.git
   ca01753..2ec99bc  HEAD -> main
✓ push 成功（Cloudflare wrangler deploy 将自动部署）
=== deploy.sh 结束 2026-07-13 23:52:02 退出码=0 ===
