=== deploy.sh 开始 2026-07-07 15:40:44 ===
→ 运行 export.py 生成静态 JSON ...
  overview.json (30605 bytes)
  a-stock-1m.json (43831 bytes)
  a-stock-3m.json (119639 bytes)
  a-stock-6m.json (227994 bytes)
  a-stock-1y.json (463377 bytes)
  a-stock-all.json (6178656 bytes)
  hk-1m.json (8836 bytes)
  hk-3m.json (27592 bytes)
  hk-6m.json (54154 bytes)
  hk-1y.json (112241 bytes)
  hk-all.json (1190033 bytes)
  global-1m.json (6380 bytes)
  global-3m.json (19252 bytes)
  global-6m.json (38185 bytes)
  global-1y.json (81395 bytes)
  global-all.json (819578 bytes)
  sentiment-1m.json (4816 bytes)
  sentiment-3m.json (13577 bytes)
  sentiment-6m.json (26184 bytes)
  sentiment-1y.json (53366 bytes)
  sentiment-all.json (709408 bytes)
  industry-1m.json (188392 bytes)
  industry-3m.json (538225 bytes)
  industry-6m.json (1040385 bytes)
  industry-1y.json (2096227 bytes)
  industry-all.json (24941306 bytes)
  metrics.json (2055 bytes)
  index/*.json (44 files)

导出完成：71 个 JSON 文件，56.9 MB
  - overview: 1
  - tab ranges: 5 tabs × 5 ranges = 25
  - metrics: 1
  - index detail: 44 (all range, full history)
输出目录: /Users/linhuichen/code/trade/static-site/data
✓ export.py 完成
→ git add static-site/data/ ...
→ git commit: data update 2026-07-07_15:40
[main 4e994f9] data update 2026-07-07_15:40
 31 files changed, 31 insertions(+), 31 deletions(-)
→ git push ...
To github.com:xp13465/trade-data-signal.git
   86eb989..4e994f9  main -> main
✓ push 成功（Cloudflare Pages 将自动部署）
=== deploy.sh 结束 2026-07-07 15:40:56 退出码=0 ===
