=== deploy.sh 开始 2026-07-16 07:26:13 ===
→ 运行 export.py 生成静态 JSON ...
  overview.json (54016 bytes)
  a-stock-1m.json (54114 bytes)
  a-stock-3m.json (138543 bytes)
  a-stock-6m.json (261560 bytes)
  a-stock-1y.json (529640 bytes)
  a-stock-3y.json (1576128 bytes)
  a-stock-5y.json (2599129 bytes)
  a-stock-all.json (6848515 bytes)
  hk-1m.json (9579 bytes)
  hk-3m.json (27885 bytes)
  hk-6m.json (54402 bytes)
  hk-1y.json (112520 bytes)
  hk-3y.json (335732 bytes)
  hk-5y.json (559006 bytes)
  hk-all.json (1193511 bytes)
  global-1m.json (45753 bytes)
  global-3m.json (109242 bytes)
  global-6m.json (204946 bytes)
  global-1y.json (410754 bytes)
  global-3y.json (1212778 bytes)
  global-5y.json (1833415 bytes)
  global-all.json (3899050 bytes)
  global-extras-all.json (1049197 bytes)
  sentiment-1m.json (34908 bytes)
  sentiment-3m.json (85039 bytes)
  sentiment-6m.json (155351 bytes)
  sentiment-1y.json (311548 bytes)
  sentiment-3y.json (924398 bytes)
  sentiment-5y.json (1539363 bytes)
  sentiment-all.json (4238347 bytes)
  industry-1m.json (417576 bytes)
  industry-3m.json (972426 bytes)
  industry-6m.json (1788603 bytes)
  industry-1y.json (3427014 bytes)
  industry-3y.json (9566293 bytes)
  industry-5y.json (14697539 bytes)
  industry-all 拆分: 31 行业 + 27 概念 + meta
  metrics.json (2099 bytes)
  futures.json (421333 bytes)
  ad_line.json (38453 bytes)
  volume_ratio.json (45626 bytes)
  position.json (1364 bytes)
  summary.json (1254 bytes)
  summary_history.json (119395 bytes)
  signal_freq.json (251 bytes)
  rotation.json (37040 bytes)
  new_high_low.json (25892 bytes)
  ma_alignment.json (19171 bytes)
  intraday_snapshot.json (5781 bytes)
  etf_national_team-1m.json (63520 bytes)
  etf_national_team-3m.json (176332 bytes)
  etf_national_team-6m.json (341877 bytes)
  etf_national_team-1y.json (704302 bytes)
  etf_national_team-3y.json (2108243 bytes)
  etf_national_team-5y.json (3467751 bytes)
  etf_national_team-all.json (7653348 bytes)
  etf_national_team_quarterly.json (34288 bytes)
  etf_national_team_holders.json (27485 bytes)
  index/*.json (82 files)

导出完成：203 个 JSON 文件，129.0 MB
  - overview: 1
  - tab ranges: 5 tabs × 7 ranges
  - metrics: 1
  - index detail: 82 (all range, full history)
输出目录: /Users/linhuichen/code/trade/static-site/data
✓ export.py 完成
→ 运行 build_min.py 重新生成 min JS ...
=== terser minify 构建 ===
  terser terser 5.49.0 可用
  ✓ web/app.js (318,547B) → web/app.min.js (183,542B, -42.4%) + app.min.js.map (173,359B)
  ✓ web/lab.js (141,746B) → web/lab.min.js (89,340B, -37.0%) + lab.min.js.map (71,615B)
  ✓ static-site/app.js (323,134B) → static-site/app.min.js (185,291B, -42.7%) + app.min.js.map (175,631B)
  ✓ static-site/lab.js (141,716B) → static-site/lab.min.js (89,259B, -37.0%) + lab.min.js.map (71,522B)
完成。记得跑 bump_asset_version.py 刷新 ?v= 版本号。
✓ build_min.py 完成
→ git add static-site/data/ + min JS ...
→ git commit: data update [all] 2026-07-16_07:26
[feat/iframe-theme-follow e421c71] data update [all] 2026-07-16_07:26
 164 files changed, 164 insertions(+), 159 deletions(-)
 create mode 100644 static-site/data/index/cac40-all.json
 create mode 100644 static-site/data/index/dax-all.json
 create mode 100644 static-site/data/index/ftse100-all.json
 create mode 100644 static-site/data/index/kospi-all.json
 create mode 100644 static-site/data/index/nikkei225-all.json
→ git push ...
To github.com:xp13465/trade-data-signal.git
   daf06e7..e421c71  HEAD -> main
✓ push 成功（Cloudflare wrangler deploy 将自动部署）
=== deploy.sh 结束 2026-07-16 07:26:41 退出码=0 ===
