=== deploy.sh 开始 2026-07-07 20:58:13 ===
→ 运行 export.py 生成静态 JSON ...
  overview.json (30694 bytes)
  a-stock-1m.json (43831 bytes)
  a-stock-3m.json (119639 bytes)
  a-stock-6m.json (227994 bytes)
  a-stock-1y.json (463377 bytes)
  a-stock-all.json (6178656 bytes)
  hk-1m.json (8836 bytes)
  hk-3m.json (27592 bytes)
  hk-6m.json (54154 bytes)
  hk-1y.json (112241 bytes)
  hk-all.json (1190033 bytes)
  global-1m.json (24693 bytes)
  global-3m.json (63661 bytes)
  global-6m.json (120181 bytes)
  global-1y.json (242794 bytes)
  global-all.json (3187440 bytes)
  sentiment-1m.json (5932 bytes)
  sentiment-3m.json (15167 bytes)
  sentiment-6m.json (28737 bytes)
  sentiment-1y.json (58420 bytes)
  sentiment-all.json (756859 bytes)
  industry-1m.json (207081 bytes)
  industry-3m.json (556576 bytes)
  industry-6m.json (1058918 bytes)
  industry-1y.json (2112223 bytes)
  industry-all.json (24864929 bytes)
  metrics.json (2055 bytes)
  index/*.json (48 files)

导出完成：75 个 JSON 文件，61.6 MB
  - overview: 1
  - tab ranges: 5 tabs × 5 ranges = 25
  - metrics: 1
  - index detail: 48 (all range, full history)
输出目录: /Users/linhuichen/code/trade/static-site/data
✓ export.py 完成
→ git add static-site/data/ ...
→ git commit: data update 2026-07-07_20:58
[main ee56f59] data update 2026-07-07_20:58
 63 files changed, 63 insertions(+), 63 deletions(-)
→ git push ...
Connection closed by 20.205.243.166 port 22
fatal: Could not read from remote repository.

Please make sure you have the correct access rights
and the repository exists.
