=== deploy.sh 开始 2026-07-16 08:48:04 ===
→ 运行 export.py 生成静态 JSON ...
  overview.json (55908 bytes)
  a-stock-1m.json (54286 bytes)
  a-stock-3m.json (138715 bytes)
  a-stock-6m.json (261732 bytes)
  a-stock-1y.json (529812 bytes)
  a-stock-3y.json (1576300 bytes)
  a-stock-5y.json (2599301 bytes)
  a-stock-all.json (6848687 bytes)
  hk-1m.json (32820 bytes)
  hk-3m.json (95858 bytes)
  hk-6m.json (187203 bytes)
  hk-1y.json (387210 bytes)
  hk-3y.json (1155562 bytes)
  hk-5y.json (1926521 bytes)
  hk-all.json (4373058 bytes)
  global-1m.json (46362 bytes)
  global-3m.json (109851 bytes)
  global-6m.json (205555 bytes)
  global-1y.json (411363 bytes)
  global-3y.json (1213387 bytes)
  global-5y.json (1834024 bytes)
  global-all.json (3899659 bytes)
  global-extras-all.json (1049266 bytes)
  sentiment-1m.json (35150 bytes)
  sentiment-3m.json (85121 bytes)
  sentiment-6m.json (155810 bytes)
  sentiment-1y.json (311847 bytes)
  sentiment-3y.json (924766 bytes)
  sentiment-5y.json (1540132 bytes)
  sentiment-all.json (4241355 bytes)
  industry-1m.json (411143 bytes)
  industry-3m.json (965993 bytes)
  industry-6m.json (1782170 bytes)
  industry-1y.json (3420581 bytes)
  industry-3y.json (9559860 bytes)
  industry-5y.json (14691106 bytes)
  industry-all 拆分: 31 行业 + 27 概念 + meta
  metrics.json (2099 bytes)
  futures.json (421333 bytes)
  ad_line.json (38453 bytes)
  volume_ratio.json (45626 bytes)
  position.json (1364 bytes)
  summary.json (1255 bytes)
  summary_history.json (119411 bytes)
  signal_freq.json (252 bytes)
  rotation.json (37046 bytes)
  new_high_low.json (25892 bytes)
  ma_alignment.json (19171 bytes)
  intraday_snapshot.json (5781 bytes)
  etf_national_team-1m.json (63520 bytes)
  etf_national_team-3m.json (176332 bytes)
  etf_national_team-6m.json (341877 bytes)
  etf_national_team-1y.json (704302 bytes)
  etf_national_team-3y.json (2108243 bytes)
  etf_national_team-5y.json (3467751 bytes)
  etf_national_team-all.json (7653348 bytes)
  etf_national_team_quarterly.json (34288 bytes)
  etf_national_team_holders.json (27485 bytes)
  index/*.json (90 files)

导出完成：211 个 JSON 文件，137.8 MB
  - overview: 1
  - tab ranges: 5 tabs × 7 ranges
  - metrics: 1
  - index detail: 90 (all range, full history)
输出目录: /Users/linhuichen/code/trade/static-site/data
✓ export.py 完成
→ 运行 build_min.py 重新生成 min JS ...
=== terser minify 构建 ===
  terser terser 5.49.0 可用
  ✓ web/app.js (319,044B) → web/app.min.js (183,837B, -42.4%) + app.min.js.map (173,676B)
  ✓ web/lab.js (145,928B) → web/lab.min.js (91,617B, -37.2%) + lab.min.js.map (73,995B)
  ✓ static-site/app.js (323,631B) → static-site/app.min.js (185,586B, -42.7%) + app.min.js.map (175,946B)
  ✓ static-site/lab.js (145,910B) → static-site/lab.min.js (91,599B, -37.2%) + lab.min.js.map (73,995B)
完成。记得跑 bump_asset_version.py 刷新 ?v= 版本号。
✓ build_min.py 完成
→ git add static-site/data/ + min JS ...
→ git commit: data update [backfill] 2026-07-16_08:48
[feat/iframe-theme-follow 0208293] data update [backfill] 2026-07-16_08:48
 163 files changed, 163 insertions(+), 163 deletions(-)
→ git push ...
To github.com:xp13465/trade-data-signal.git
   0e65f98..0208293  HEAD -> main
✓ push 成功（Cloudflare wrangler deploy 将自动部署）
=== deploy.sh 结束 2026-07-16 08:48:38 退出码=0 ===
