=== deploy.sh 开始 2026-07-20 10:00:03 ===
→ 运行 export.py 生成静态 JSON ...
  overview.json (61595 bytes)
  a-stock-1m.json (52935 bytes)
  a-stock-3m.json (140031 bytes)
  a-stock-6m.json (263036 bytes)
  a-stock-1y.json (528988 bytes)
  a-stock-3y.json (1573245 bytes)
  a-stock-5y.json (2600851 bytes)
  a-stock-all.json (6854320 bytes)
  hk-1m.json (42561 bytes)
  hk-3m.json (109197 bytes)
  hk-6m.json (203134 bytes)
  hk-1y.json (409362 bytes)
  hk-3y.json (1200706 bytes)
  hk-5y.json (2003272 bytes)
  hk-all.json (4539606 bytes)
  global-1m.json (44680 bytes)
  global-3m.json (111529 bytes)
  global-6m.json (208197 bytes)
  global-1y.json (412420 bytes)
  global-3y.json (1215162 bytes)
  global-5y.json (1843142 bytes)
  global-all.json (3917793 bytes)
  global-extras-all.json (1066040 bytes)
  sentiment-1m.json (33780 bytes)
  sentiment-3m.json (85216 bytes)
  sentiment-6m.json (157163 bytes)
  sentiment-1y.json (312410 bytes)
  sentiment-3y.json (928536 bytes)
  sentiment-5y.json (1550424 bytes)
  sentiment-all.json (4286811 bytes)
  industry-1m.json (390212 bytes)
  industry-3m.json (959173 bytes)
  industry-6m.json (1774820 bytes)
  industry-1y.json (3403050 bytes)
  industry-3y.json (9533716 bytes)
  industry-all 拆分: 31 行业 + 27 概念 + meta
  industry-5y 拆分: 31 行业 + 27 概念 + meta
  metrics.json (2089 bytes)
  futures.json (421320 bytes)
  ad_line.json (38451 bytes)
  volume_ratio.json (45645 bytes)
  position.json (1362 bytes)
  summary.json (1277 bytes)
  summary_history.json (119325 bytes)
  signal_freq.json (252 bytes)
  rotation.json (37049 bytes)
  new_high_low.json (25883 bytes)
  ma_alignment.json (19175 bytes)
  intraday_snapshot.json (10495 bytes)
  etf_national_team-1m.json (63856 bytes)
  etf_national_team-3m.json (180033 bytes)
  etf_national_team-6m.json (345191 bytes)
  etf_national_team-1y.json (705355 bytes)
  etf_national_team-3y.json (2106203 bytes)
  etf_national_team-5y.json (3471715 bytes)
  etf_national_team-all.json (7662718 bytes)
  etf_national_team_quarterly.json (34288 bytes)
  etf_national_team_holders.json (27485 bytes)
  index/*.json (90 files)

导出完成：243 个 JSON 文件，138.3 MB
  - overview: 1
  - tab ranges: 5 tabs × 7 ranges
  - metrics: 1
  - index detail: 90 (all range, full history)
输出目录: /Users/linhuichen/code/trade/static-site/data
✓ export.py 完成
-> 运行 gen_schedule_stats.py 刷新任务执行统计 ...
✓ static-site/data/schedule_stats.json (7 tasks)
  收盘全量     17:50                  est=约15分钟    last=2026-07-16 17:50 exit=0 dur=2940s
  指数补采兜底   16:35 / 20:00 / 02:00  est=约3分钟     last=2026-07-18 02:00 exit=0 dur=0s
  盘中快照     盘中 09:35-15:35         est=约1分钟     last=2026-07-16 15:35 exit=0 dur=73s
  期货机构持仓   20:05 + 21:00(兜底)      est=约23秒     last=2026-07-17 21:00 exit=0 dur=26s
  龙虎榜      18:30 + 19:30(兜底)      est=约43秒     last=2026-07-17 19:30 exit=0 dur=52s
  两融       23:00                  est=约1秒      last=2026-07-17 23:00 exit=0 dur=1s
  ETF国家队   20:07 + 21:30(兜底)      est=约2分钟     last=2026-07-17 21:30 exit=0 dur=191s
-> 运行 gen_rss.py 生成 RSS feed.xml ...
✓ /Users/linhuichen/code/trade/static-site/data/feed.xml 生成（30 items）
→ 运行 build_min.py 重新生成 min JS ...
=== terser minify 构建 ===
  terser terser 5.49.0 可用
  ✓ static-site/app.js (408,819B) -> static-site/app.min.js (237,156B, -42.0%)
  ✓ static-site/lab.js (333,260B) -> static-site/lab.min.js (199,217B, -40.2%)
完成（built=2 skipped=0）。记得跑 bump_asset_version.py 刷新 ?v= 版本号。
✓ build_min.py 完成
→ git add static-site/data/ + min JS ...
→ git commit: data update [all] 2026-07-20_10:00
[feat/iframe-theme-follow dfbe978] data update [all] 2026-07-20_10:00
 10 files changed, 10 insertions(+), 10 deletions(-)
→ git push ...
To github.com:xp13465/trade-data-signal.git
   ee93306..dfbe978  HEAD -> main
✓ push 成功（Cloudflare wrangler deploy 将自动部署）
=== deploy.sh 结束 2026-07-20 10:00:25 退出码=0 ===
