=== deploy.sh 开始 2026-07-13 15:34:19 ===
→ 运行 export.py 生成静态 JSON ...
  overview.json (51943 bytes)
  a-stock-1m.json (48981 bytes)
  a-stock-3m.json (137555 bytes)
  a-stock-6m.json (260625 bytes)
  a-stock-1y.json (526552 bytes)
  a-stock-all.json (6841093 bytes)
  hk-1m.json (8649 bytes)
  hk-3m.json (27855 bytes)
  hk-6m.json (54415 bytes)
  hk-1y.json (112040 bytes)
  hk-all.json (1192127 bytes)
  global-1m.json (25988 bytes)
  global-3m.json (64198 bytes)
  global-6m.json (117827 bytes)
  global-1y.json (234274 bytes)
  global-all.json (3137869 bytes)
  sentiment-1m.json (31152 bytes)
  sentiment-3m.json (80194 bytes)
  sentiment-6m.json (144699 bytes)
  sentiment-1y.json (288219 bytes)
  sentiment-all.json (3928704 bytes)
  industry-1m.json (390153 bytes)
  industry-3m.json (972141 bytes)
  industry-6m.json (1788658 bytes)
  industry-1y.json (3411018 bytes)
  industry-all 拆分: 31 行业 + concepts + meta
  metrics.json (2055 bytes)
  futures.json (419970 bytes)
  ad_line.json (38455 bytes)
  volume_ratio.json (45620 bytes)
  position.json (1365 bytes)
  summary.json (641 bytes)
  summary_history.json (46242 bytes)
  signal_freq.json (162 bytes)
  rotation.json (37127 bytes)
  new_high_low.json (25894 bytes)
  ma_alignment.json (19169 bytes)
  index/*.json (77 files)

导出完成：146 个 JSON 文件，78.4 MB
  - overview: 1
  - tab ranges: 5 tabs × 5 ranges = 25
  - metrics: 1
  - index detail: 77 (all range, full history)
输出目录: /Users/linhuichen/code/trade/static-site/data
✓ export.py 完成
→ git add static-site/data/ ...
→ git commit: data update [width] 2026-07-13_15:34
[feat/intraday-snapshot 3f111bb] data update [width] 2026-07-13_15:34
 36 files changed, 36 insertions(+), 36 deletions(-)
→ git push ...
fatal: The current branch feat/intraday-snapshot has no upstream branch.
To push the current branch and set the remote as upstream, use

    git push --set-upstream origin feat/intraday-snapshot

To have this happen automatically for branches without a tracking
upstream, see 'push.autoSetupRemote' in 'git help config'.

