=== deploy.sh 开始 2026-07-15 02:03:39 ===
→ 运行 export.py 生成静态 JSON ...
  overview.json (52348 bytes)
  a-stock-1m.json (52019 bytes)
  a-stock-3m.json (136293 bytes)
  a-stock-6m.json (259338 bytes)
  a-stock-1y.json (527429 bytes)
  a-stock-3y.json (1571743 bytes)
  a-stock-5y.json (2596789 bytes)
  a-stock-all.json (6844130 bytes)
  hk-1m.json (9570 bytes)
  hk-3m.json (27872 bytes)
  hk-6m.json (54408 bytes)
  hk-1y.json (112511 bytes)
  hk-3y.json (335269 bytes)
  hk-5y.json (559007 bytes)
  hk-all.json (1193048 bytes)
  global-1m.json (27176 bytes)
  global-3m.json (63562 bytes)
  global-6m.json (117189 bytes)
  global-1y.json (234448 bytes)
  global-3y.json (688952 bytes)
  global-5y.json (1128830 bytes)
  global-all.json (3138940 bytes)
  global-extras-all.json (930283 bytes)
  sentiment-1m.json (32931 bytes)
  sentiment-3m.json (79352 bytes)
  sentiment-6m.json (144220 bytes)
  sentiment-1y.json (288586 bytes)
  sentiment-3y.json (854521 bytes)
  sentiment-5y.json (1424962 bytes)
  sentiment-all.json (3930480 bytes)
  industry-1m.json (400256 bytes)
  industry-3m.json (954820 bytes)
  industry-6m.json (1771017 bytes)
  industry-1y.json (3408397 bytes)
  industry-3y.json (9535350 bytes)
  industry-5y.json (14675962 bytes)
  industry-all 拆分: 31 行业 + concepts + meta
  metrics.json (2055 bytes)
  futures.json (420844 bytes)
  ad_line.json (38453 bytes)
  volume_ratio.json (45610 bytes)
  position.json (1365 bytes)
  summary.json (1240 bytes)
  summary_history.json (119388 bytes)
  signal_freq.json (251 bytes)
  rotation.json (36902 bytes)
  new_high_low.json (25893 bytes)
  ma_alignment.json (19170 bytes)
  intraday_snapshot.json (5551 bytes)
  etf_national_team-1m.json (63985 bytes)
  etf_national_team-3m.json (176062 bytes)
  etf_national_team-6m.json (343228 bytes)
  etf_national_team-1y.json (704293 bytes)
  etf_national_team-3y.json (2105215 bytes)
  etf_national_team-5y.json (3467456 bytes)
  etf_national_team-all.json (7650320 bytes)
  etf_national_team_quarterly.json (34288 bytes)
  etf_national_team_holders.json (27485 bytes)
  index/*.json (77 files)

导出完成：198 个 JSON 文件，125.4 MB
  - overview: 1
  - tab ranges: 5 tabs × 7 ranges
  - metrics: 1
  - index detail: 77 (all range, full history)
输出目录: /Users/linhuichen/code/trade/static-site/data
✓ export.py 完成
→ 运行 build_min.py 重新生成 min JS ...
=== terser minify 构建 ===
  terser terser 5.49.0 可用
  ✓ web/app.js (291,530B) → web/app.min.js (172,119B, -41.0%) + app.min.js.map (161,641B)
  ✓ web/lab.js (141,295B) → web/lab.min.js (89,183B, -36.9%) + lab.min.js.map (71,410B)
  ✓ static-site/app.js (296,109B) → static-site/app.min.js (173,868B, -41.3%) + app.min.js.map (163,916B)
  ✓ static-site/lab.js (141,265B) → static-site/lab.min.js (89,102B, -36.9%) + lab.min.js.map (71,317B)
完成。记得跑 bump_asset_version.py 刷新 ?v= 版本号。
✓ build_min.py 完成
→ git add static-site/data/ + min JS ...
→ git commit: data update [backfill] 2026-07-15_02:03
[feat/iframe-theme-follow fa31936] data update [backfill] 2026-07-15_02:03
 69 files changed, 69 insertions(+), 69 deletions(-)
→ git push ...
To github.com:xp13465/trade-data-signal.git
   2d4737b..fa31936  HEAD -> main
✓ push 成功（Cloudflare wrangler deploy 将自动部署）
=== deploy.sh 结束 2026-07-15 02:04:08 退出码=0 ===
