=== deploy.sh 开始 2026-07-16 10:38:22 ===
→ 运行 export.py 生成静态 JSON ...
  overview.json (56838 bytes)
  a-stock-1m.json (55558 bytes)
  a-stock-3m.json (139987 bytes)
  a-stock-6m.json (263004 bytes)
  a-stock-1y.json (531084 bytes)
  a-stock-3y.json (1577572 bytes)
  a-stock-5y.json (2600573 bytes)
  a-stock-all.json (6849959 bytes)
  hk-1m.json (33188 bytes)
  hk-3m.json (96226 bytes)
  hk-6m.json (187571 bytes)
  hk-1y.json (387578 bytes)
  hk-3y.json (1155930 bytes)
  hk-5y.json (1926889 bytes)
  hk-all.json (4373426 bytes)
  global-1m.json (46362 bytes)
  global-3m.json (109851 bytes)
  global-6m.json (205555 bytes)
  global-1y.json (411363 bytes)
  global-3y.json (1213387 bytes)
  global-5y.json (1834024 bytes)
  global-all.json (3899659 bytes)
  global-extras-all.json (1049266 bytes)
  sentiment-1m.json (36275 bytes)
  sentiment-3m.json (86246 bytes)
  sentiment-6m.json (156935 bytes)
  sentiment-1y.json (312972 bytes)
  sentiment-3y.json (925891 bytes)
  sentiment-5y.json (1541257 bytes)
  sentiment-all.json (4242480 bytes)
  industry-1m.json (417836 bytes)
  industry-3m.json (972686 bytes)
  industry-6m.json (1788863 bytes)
  industry-1y.json (3427274 bytes)
  industry-3y.json (9566553 bytes)
  industry-5y.json (14697799 bytes)
  industry-all 拆分: 31 行业 + 27 概念 + meta
  metrics.json (2099 bytes)
  futures.json (421333 bytes)
  ad_line.json (38422 bytes)
  volume_ratio.json (45619 bytes)
  position.json (1367 bytes)
  summary.json (1233 bytes)
  summary_history.json (119303 bytes)
  signal_freq.json (252 bytes)
  rotation.json (37048 bytes)
  new_high_low.json (25892 bytes)
  ma_alignment.json (19171 bytes)
  intraday_snapshot.json (10070 bytes)
  etf_national_team-1m.json (63520 bytes)
  etf_national_team-3m.json (176332 bytes)
  etf_national_team-6m.json (341877 bytes)
  etf_national_team-1y.json (704302 bytes)
  etf_national_team-3y.json (2108243 bytes)
  etf_national_team-5y.json (3467751 bytes)
  etf_national_team-all.json (7653348 bytes)
  etf_national_team_quarterly.json (34288 bytes)
  etf_national_team_holders.json (27485 bytes)
  index/*.json (90 files)

导出完成：211 个 JSON 文件，137.9 MB
  - overview: 1
  - tab ranges: 5 tabs × 7 ranges
  - metrics: 1
  - index detail: 90 (all range, full history)
输出目录: /Users/linhuichen/code/trade/static-site/data
✓ export.py 完成
-> 运行 gen_schedule_stats.py 刷新任务执行统计 ...
✓ static-site/data/schedule_stats.json (7 tasks)
  收盘全量     17:50                  est=约8分钟     last=2026-07-15 17:50 exit=0 dur=955s
  指数补采兜底   16:35 / 20:00 / 02:00  est=约2分钟     last=2026-07-16 02:00 exit=0 dur=227s
  盘中快照     盘中 09:35-15:35         est=约45秒     last=2026-07-16 10:35 exit=0 dur=67s
  期货机构持仓   20:05 + 21:00(兜底)      est=约1秒      last=2026-07-15 20:05 exit=0 dur=1s
  龙虎榜      18:30 + 19:30(兜底)      est=约40秒     last=2026-07-15 18:30 exit=0 dur=40s
  两融       23:00                  est=约1秒      last=2026-07-15 22:10 exit=0 dur=1s
  ETF国家队   20:07 + 21:30(兜底)      est=约1分钟     last=2026-07-15 20:07 exit=0 dur=68s
→ 运行 build_min.py 重新生成 min JS ...
=== terser minify 构建 ===
  terser terser 5.49.0 可用
  ✓ web/app.js (321,578B) → web/app.min.js (185,744B, -42.2%) + app.min.js.map (174,341B)
  ✓ web/lab.js (156,456B) → web/lab.min.js (98,143B, -37.3%) + lab.min.js.map (78,386B)
  ✓ static-site/app.js (325,978B) → static-site/app.min.js (187,496B, -42.5%) + app.min.js.map (176,608B)
  ✓ static-site/lab.js (156,438B) → static-site/lab.min.js (98,125B, -37.3%) + lab.min.js.map (78,386B)
完成。记得跑 bump_asset_version.py 刷新 ?v= 版本号。
✓ build_min.py 完成
→ git add static-site/data/ + min JS ...
→ git commit: data update [all] 2026-07-16_10:38
[feat/iframe-theme-follow a6df621] data update [all] 2026-07-16_10:38
 183 files changed, 185 insertions(+), 185 deletions(-)
→ git push ...
To github.com:xp13465/trade-data-signal.git
 ! [rejected]        HEAD -> main (non-fast-forward)
error: failed to push some refs to 'github.com:xp13465/trade-data-signal.git'
hint: Updates were rejected because a pushed branch tip is behind its remote
hint: counterpart. Check out this branch and integrate the remote changes
hint: (e.g. 'git pull ...') before pushing again.
hint: See the 'Note about fast-forwards' in 'git push --help' for details.
From github.com:xp13465/trade-data-signal
 * branch            main       -> FETCH_HEAD
