=== deploy.sh 开始 2026-07-09 20:32:01 ===
→ 运行 export.py 生成静态 JSON ...
  overview.json (36831 bytes)
  a-stock-1m.json (50883 bytes)
  a-stock-3m.json (129904 bytes)
  a-stock-6m.json (245585 bytes)
  a-stock-1y.json (497347 bytes)
  a-stock-all.json (6706744 bytes)
  hk-1m.json (9557 bytes)
  hk-3m.json (27859 bytes)
  hk-6m.json (54408 bytes)
  hk-1y.json (112497 bytes)
  hk-all.json (1191210 bytes)
  global-1m.json (24169 bytes)
  global-3m.json (60344 bytes)
  global-6m.json (113985 bytes)
  global-1y.json (231391 bytes)
  global-all.json (3132303 bytes)
  sentiment-1m.json (27460 bytes)
  sentiment-3m.json (69732 bytes)
  sentiment-6m.json (126835 bytes)
  sentiment-1y.json (256285 bytes)
  sentiment-all.json (3425896 bytes)
  industry-1m.json (320943 bytes)
  industry-3m.json (818655 bytes)
  industry-6m.json (1559368 bytes)
  industry-1y.json (3108508 bytes)
  industry-all.json (29209682 bytes)
  metrics.json (2055 bytes)
  futures.json (36382 bytes)
  ad_line.json (38453 bytes)
  volume_ratio.json (45634 bytes)
  position.json (1368 bytes)
  summary.json (666 bytes)
  signal_freq.json (141 bytes)
  rotation.json (37128 bytes)
  new_high_low.json (25677 bytes)
  ma_alignment.json (18944 bytes)
  index/*.json (76 files)

导出完成：112 个 JSON 文件，75.7 MB
  - overview: 1
  - tab ranges: 5 tabs × 5 ranges = 25
  - metrics: 1
  - index detail: 76 (all range, full history)
输出目录: /Users/linhuichen/code/trade/static-site/data
✓ export.py 完成
→ git add static-site/data/ ...
→ git commit: data update 2026-07-09_20:32
[main 0c85edc] data update 2026-07-09_20:32
 35 files changed, 35 insertions(+), 34 deletions(-)
 create mode 100644 static-site/data/signal_freq.json
→ git push ...
To github.com:xp13465/trade-data-signal.git
   3e0afbf..0c85edc  main -> main
✓ push 成功（Cloudflare wrangler deploy 将自动部署）
=== deploy.sh 结束 2026-07-09 20:32:15 退出码=0 ===
