=== deploy.sh 开始 2026-07-15 16:37:52 ===
→ 运行 export.py 生成静态 JSON ...
  overview.json (52095 bytes)
  a-stock-1m.json (53416 bytes)
  a-stock-3m.json (137690 bytes)
  a-stock-6m.json (260735 bytes)
  a-stock-1y.json (528826 bytes)
  a-stock-3y.json (1573140 bytes)
  a-stock-5y.json (2598186 bytes)
  a-stock-all.json (6845527 bytes)
  hk-1m.json (9909 bytes)
  hk-3m.json (28211 bytes)
  hk-6m.json (54747 bytes)
  hk-1y.json (112850 bytes)
  hk-3y.json (335608 bytes)
  hk-5y.json (559346 bytes)
  hk-all.json (1193387 bytes)
  global-1m.json (27461 bytes)
  global-3m.json (63847 bytes)
  global-6m.json (117474 bytes)
  global-1y.json (234733 bytes)
  global-3y.json (689237 bytes)
  global-5y.json (1129115 bytes)
  global-all.json (3139225 bytes)
  global-extras-all.json (930568 bytes)
  sentiment-1m.json (34033 bytes)
  sentiment-3m.json (80454 bytes)
  sentiment-6m.json (145322 bytes)
  sentiment-1y.json (289688 bytes)
  sentiment-3y.json (855623 bytes)
  sentiment-5y.json (1426064 bytes)
  sentiment-all.json (3931582 bytes)
  industry-1m.json (403363 bytes)
  industry-3m.json (957927 bytes)
  industry-6m.json (1774124 bytes)
  industry-1y.json (3411504 bytes)
  industry-3y.json (9538457 bytes)
  industry-5y.json (14679069 bytes)
  industry-all 拆分: 31 行业 + concepts + meta
  metrics.json (2055 bytes)
  futures.json (420844 bytes)
  ad_line.json (38453 bytes)
  volume_ratio.json (45599 bytes)
  position.json (1364 bytes)
  summary.json (1242 bytes)
  summary_history.json (119258 bytes)
  signal_freq.json (251 bytes)
  rotation.json (36900 bytes)
  new_high_low.json (25892 bytes)
  ma_alignment.json (19171 bytes)
  intraday_snapshot.json (5575 bytes)
  etf_national_team-1m.json (63985 bytes)
  etf_national_team-3m.json (176062 bytes)
  etf_national_team-6m.json (343228 bytes)
  etf_national_team-1y.json (704293 bytes)
  etf_national_team-3y.json (2105215 bytes)
  etf_national_team-5y.json (3467456 bytes)
  etf_national_team-all.json (7650320 bytes)
  etf_national_team_quarterly.json (34288 bytes)
  etf_national_team_holders.json (27485 bytes)
  index/*.json (77 files)

导出完成：198 个 JSON 文件，125.4 MB
  - overview: 1
  - tab ranges: 5 tabs × 7 ranges
  - metrics: 1
  - index detail: 77 (all range, full history)
输出目录: /Users/linhuichen/code/trade/static-site/data
✓ export.py 完成
→ 运行 build_min.py 重新生成 min JS ...
=== terser minify 构建 ===
  terser terser 5.49.0 可用
  ✓ web/app.js (299,807B) → web/app.min.js (175,078B, -41.6%) + app.min.js.map (164,557B)
  ✓ web/lab.js (141,295B) → web/lab.min.js (89,183B, -36.9%) + lab.min.js.map (71,410B)
  ✓ static-site/app.js (304,386B) → static-site/app.min.js (176,827B, -41.9%) + app.min.js.map (166,807B)
  ✓ static-site/lab.js (141,265B) → static-site/lab.min.js (89,102B, -36.9%) + lab.min.js.map (71,317B)
完成。记得跑 bump_asset_version.py 刷新 ?v= 版本号。
✓ build_min.py 完成
→ git add static-site/data/ + min JS ...
→ git commit: data update [backfill] 2026-07-15_16:38
[feat/iframe-theme-follow a6d7998] data update [backfill] 2026-07-15_16:38
 146 files changed, 146 insertions(+), 146 deletions(-)
→ git push ...
To github.com:xp13465/trade-data-signal.git
   7e03819..a6d7998  HEAD -> main
✓ push 成功（Cloudflare wrangler deploy 将自动部署）
=== deploy.sh 结束 2026-07-15 16:38:26 退出码=0 ===
