=== deploy.sh 开始 2026-07-16 12:29:57 ===
→ 运行 export.py 生成静态 JSON ...
  overview.json (56849 bytes)
  a-stock-1m.json (55560 bytes)
  a-stock-3m.json (139989 bytes)
  a-stock-6m.json (263006 bytes)
  a-stock-1y.json (531086 bytes)
  a-stock-3y.json (1577574 bytes)
  a-stock-5y.json (2600575 bytes)
  a-stock-all.json (6849961 bytes)
  hk-1m.json (44624 bytes)
  hk-3m.json (109699 bytes)
  hk-6m.json (203627 bytes)
  hk-1y.json (411432 bytes)
  hk-3y.json (1203101 bytes)
  hk-5y.json (2003917 bytes)
  hk-all.json (4536947 bytes)
  global-1m.json (46362 bytes)
  global-3m.json (109851 bytes)
  global-6m.json (205555 bytes)
  global-1y.json (411363 bytes)
  global-3y.json (1213387 bytes)
  global-5y.json (1834024 bytes)
  global-all.json (3899659 bytes)
  global-extras-all.json (1049266 bytes)
  sentiment-1m.json (36276 bytes)
  sentiment-3m.json (86247 bytes)
  sentiment-6m.json (156936 bytes)
  sentiment-1y.json (312973 bytes)
  sentiment-3y.json (925892 bytes)
  sentiment-5y.json (1541258 bytes)
  sentiment-all.json (4242481 bytes)
  industry-1m.json (417806 bytes)
  industry-3m.json (972656 bytes)
  industry-6m.json (1788833 bytes)
  industry-1y.json (3427244 bytes)
  industry-3y.json (9566523 bytes)
  industry-5y.json (14697769 bytes)
  industry-all 拆分: 31 行业 + 27 概念 + meta
  metrics.json (2099 bytes)
  futures.json (421333 bytes)
  ad_line.json (38422 bytes)
  volume_ratio.json (45615 bytes)
  position.json (1366 bytes)
  summary.json (1234 bytes)
  summary_history.json (119304 bytes)
  signal_freq.json (252 bytes)
  rotation.json (37050 bytes)
  new_high_low.json (25892 bytes)
  ma_alignment.json (19171 bytes)
  intraday_snapshot.json (9906 bytes)
  etf_national_team-1m.json (63520 bytes)
  etf_national_team-3m.json (176332 bytes)
  etf_national_team-6m.json (341877 bytes)
  etf_national_team-1y.json (704302 bytes)
  etf_national_team-3y.json (2108243 bytes)
  etf_national_team-5y.json (3467751 bytes)
  etf_national_team-all.json (7653348 bytes)
  etf_national_team_quarterly.json (34288 bytes)
  etf_national_team_holders.json (27485 bytes)
  index/*.json (90 files)

导出完成：211 个 JSON 文件，138.2 MB
  - overview: 1
  - tab ranges: 5 tabs × 7 ranges
  - metrics: 1
  - index detail: 90 (all range, full history)
输出目录: /Users/linhuichen/code/trade/static-site/data
✓ export.py 完成
-> 运行 gen_schedule_stats.py 刷新任务执行统计 ...
✓ static-site/data/schedule_stats.json (7 tasks)
  收盘全量     17:50                  est=约8分钟     last=2026-07-15 17:50 exit=0 dur=955s
  指数补采兜底   16:35 / 20:00 / 02:00  est=约2分钟     last=2026-07-16 02:00 exit=0 dur=227s
  盘中快照     盘中 09:35-15:35         est=约53秒     last=2026-07-16 11:30 exit=0 dur=80s
  期货机构持仓   20:05 + 21:00(兜底)      est=约1秒      last=2026-07-15 20:05 exit=0 dur=1s
  龙虎榜      18:30 + 19:30(兜底)      est=约40秒     last=2026-07-15 18:30 exit=0 dur=40s
  两融       23:00                  est=约1秒      last=2026-07-15 22:10 exit=0 dur=1s
  ETF国家队   20:07 + 21:30(兜底)      est=约1分钟     last=2026-07-15 20:07 exit=0 dur=68s
→ 运行 build_min.py 重新生成 min JS ...
=== terser minify 构建 ===
  terser terser 5.49.0 可用
  ✓ web/app.js (321,578B) → web/app.min.js (185,744B, -42.2%) + app.min.js.map (174,341B)
  ✓ web/lab.js (160,181B) → web/lab.min.js (100,298B, -37.4%) + lab.min.js.map (80,095B)
  ✓ static-site/app.js (325,978B) → static-site/app.min.js (187,496B, -42.5%) + app.min.js.map (176,608B)
  ✓ static-site/lab.js (160,163B) → static-site/lab.min.js (100,280B, -37.4%) + lab.min.js.map (80,095B)
完成。记得跑 bump_asset_version.py 刷新 ?v= 版本号。
✓ build_min.py 完成
→ git add static-site/data/ + min JS ...
→ git commit: data update [all] 2026-07-16_12:30
[feat/iframe-theme-follow 10d4d33] data update [all] 2026-07-16_12:30
 120 files changed, 122 insertions(+), 122 deletions(-)
→ git push ...
To github.com:xp13465/trade-data-signal.git
   691322c..10d4d33  HEAD -> main
✓ push 成功（Cloudflare wrangler deploy 将自动部署）
=== deploy.sh 结束 2026-07-16 12:30:28 退出码=0 ===
