=== deploy.sh 开始 2026-07-14 17:54:41 ===
→ 运行 export.py 生成静态 JSON ...
  overview.json (53982 bytes)
  a-stock-1m.json (52875 bytes)
  a-stock-3m.json (139313 bytes)
  a-stock-6m.json (262368 bytes)
  a-stock-1y.json (530445 bytes)
  a-stock-3y.json (1572599 bytes)
  a-stock-5y.json (2599660 bytes)
  a-stock-all.json (6844986 bytes)
  hk-1m.json (9491 bytes)
  hk-3m.json (28244 bytes)
  hk-6m.json (54799 bytes)
  hk-1y.json (112882 bytes)
  hk-3y.json (335190 bytes)
  hk-5y.json (559390 bytes)
  hk-all.json (1192969 bytes)
  global-1m.json (27175 bytes)
  global-3m.json (64417 bytes)
  global-6m.json (118044 bytes)
  global-1y.json (235344 bytes)
  global-3y.json (688951 bytes)
  global-5y.json (1129931 bytes)
  global-all.json (3138939 bytes)
  sentiment-1m.json (32931 bytes)
  sentiment-3m.json (80907 bytes)
  sentiment-6m.json (145288 bytes)
  sentiment-1y.json (289995 bytes)
  sentiment-3y.json (854521 bytes)
  sentiment-5y.json (1426045 bytes)
  sentiment-all.json (3930480 bytes)
  industry-1m.json (401420 bytes)
  industry-3m.json (969743 bytes)
  industry-6m.json (1786116 bytes)
  industry-1y.json (3422285 bytes)
  industry-3y.json (9536514 bytes)
  industry-5y.json (14686904 bytes)
  industry-all 拆分: 31 行业 + concepts + meta
  metrics.json (2055 bytes)
  futures.json (422934 bytes)
  ad_line.json (38453 bytes)
  volume_ratio.json (45637 bytes)
  position.json (1365 bytes)
  summary.json (1254 bytes)
  summary_history.json (119417 bytes)
  signal_freq.json (323 bytes)
  rotation.json (36902 bytes)
  new_high_low.json (25893 bytes)
  ma_alignment.json (19170 bytes)
  intraday_snapshot.json (5552 bytes)
  etf_national_team-1m.json (64270 bytes)
  etf_national_team-3m.json (179105 bytes)
  etf_national_team-6m.json (347757 bytes)
  etf_national_team-1y.json (707366 bytes)
  etf_national_team-3y.json (2105500 bytes)
  etf_national_team-5y.json (3470460 bytes)
  etf_national_team-all.json (7650605 bytes)
  etf_national_team_quarterly.json (34288 bytes)
  etf_national_team_holders.json (27485 bytes)
  index/*.json (77 files)

导出完成：166 个 JSON 文件，124.3 MB
  - overview: 1
  - tab ranges: 5 tabs × 7 ranges
  - metrics: 1
  - index detail: 77 (all range, full history)
输出目录: /Users/linhuichen/code/trade/static-site/data
✓ export.py 完成
→ 运行 build_min.py 重新生成 min JS ...
=== terser minify 构建 ===
  terser terser 5.49.0 可用
  ✓ web/app.js (275,692B) → web/app.min.js (163,372B, -40.7%) + app.min.js.map (152,465B)
  ✓ web/lab.js (140,742B) → web/lab.min.js (88,651B, -37.0%) + lab.min.js.map (71,340B)
  ✓ static-site/app.js (280,270B) → static-site/app.min.js (165,120B, -41.1%) + app.min.js.map (154,746B)
  ✓ static-site/lab.js (140,712B) → static-site/lab.min.js (88,570B, -37.1%) + lab.min.js.map (71,247B)
完成。记得跑 bump_asset_version.py 刷新 ?v= 版本号。
✓ build_min.py 完成
→ git add static-site/data/ + min JS ...
→ git commit: data update [core] 2026-07-14_17:55
[feat/iframe-theme-follow 97a5fbf] data update [core] 2026-07-14_17:55
 100 files changed, 100 insertions(+), 100 deletions(-)
→ git push ...
To github.com:xp13465/trade-data-signal.git
 ! [rejected]        HEAD -> main (non-fast-forward)
error: failed to push some refs to 'github.com:xp13465/trade-data-signal.git'
hint: Updates were rejected because a pushed branch tip is behind its remote
hint: counterpart. Check out this branch and integrate the remote changes
hint: (e.g. 'git pull ...') before pushing again.
hint: See the 'Note about fast-forwards' in 'git push --help' for details.
