=== deploy.sh 开始 2026-07-22 00:27:11 ===
时段闸门: IS_TRADING=1 CURRENT_HM=0027 FORCE=0
-> 恢复 intraday_snapshot.json/.gz 到 origin/main 版（防工作区残留带入通配 add）...
From github.com:xp13465/trade-data-signal
 * branch              main       -> FETCH_HEAD
→ 运行 export.py 生成静态 JSON ...
  overview.json (122261 bytes)
  a-stock-3m.json (142543 bytes)
  a-stock-6m.json (267282 bytes)
  a-stock-1y.json (536573 bytes)
  a-stock-3y.json (1581158 bytes)
  a-stock-5y.json (2615158 bytes)
  a-stock-all.json (6925870 bytes)
  hk-3m.json (163180 bytes)
  hk-6m.json (278175 bytes)
  hk-1y.json (545802 bytes)
  hk-3y.json (1573239 bytes)
  hk-5y.json (2606364 bytes)
  hk-all.json (5878387 bytes)
  global-3m.json (114599 bytes)
  global-6m.json (213872 bytes)
  global-1y.json (420576 bytes)
  global-3y.json (1225900 bytes)
  global-5y.json (1862203 bytes)
  global-all.json (4001202 bytes)
  global-extras-all.json (1147300 bytes)
  sentiment-3m.json (86551 bytes)
  sentiment-6m.json (159570 bytes)
  sentiment-1y.json (316921 bytes)
  sentiment-3y.json (932317 bytes)
  sentiment-5y.json (1559330 bytes)
  sentiment-all.json (4331482 bytes)
  industry-3m.json (1280531 bytes)
  industry-6m.json (2299268 bytes)
  industry-1y.json (4249229 bytes)
  industry-all 拆分: 31 行业 + 27 概念 + meta
  industry-5y 拆分: 31 行业 + 27 概念 + meta
  industry-3y 拆分: 31 行业 + 27 概念 + meta
  futures.json (423028 bytes)
  ad_line.json (38403 bytes)
  volume_ratio.json (45652 bytes)
  position.json (1367 bytes)
  summary.json (1246 bytes)
  summary_history.json (119096 bytes)
  signal_freq.json (525 bytes)
  signal_stats.json (232079 bytes)
  rotation.json (37045 bytes)
  new_high_low.json (25894 bytes)
  ma_alignment.json (19177 bytes)
  intraday_snapshot.json (10566 bytes)
  etf_national_team-3m.json (177920 bytes)
  etf_national_team-6m.json (341355 bytes)
  etf_national_team-1y.json (706028 bytes)
  etf_national_team-3y.json (2106918 bytes)
  etf_national_team-5y.json (3469587 bytes)
  etf_national_team-all.json (7666165 bytes)
  etf_national_team_quarterly.json (34288 bytes)
  etf_national_team_holders.json (27485 bytes)
  index/*.json (90 files)

导出完成：269 个 JSON 文件，167.7 MB
  - overview: 1
  - tab ranges: 5 tabs × 6 ranges
  - metrics: 1
  - index detail: 90 (all range, full history)
输出目录: /Users/linhuichen/code/trade/static-site/data
  批量 gzip: 397 个 JSON -> .gz（含子目录 lab/ 等，rglob 递归）
✓ export.py 完成
-> 运行 gen_schedule_stats.py 刷新任务执行统计 ...
✓ static-site/data/schedule_stats.json (7 tasks)
  收盘全量     17:50                  est=约15分钟    last=2026-07-16 17:50 exit=0 dur=2940s
  指数补采兜底   16:35 / 20:00 / 02:00  est=约3分钟     last=2026-07-18 02:00 exit=0 dur=0s
  盘中快照     盘中 09:35-15:35         est=约1分钟     last=2026-07-16 15:35 exit=0 dur=73s
  期货机构持仓   20:05 + 21:00(兜底)      est=约23秒     last=2026-07-17 21:00 exit=0 dur=26s
  龙虎榜      18:30 + 19:30(兜底)      est=约43秒     last=2026-07-17 19:30 exit=0 dur=52s
  两融       23:00                  est=约1秒      last=2026-07-17 23:00 exit=0 dur=1s
  ETF国家队   20:07 + 21:30(兜底)      est=约2分钟     last=2026-07-17 21:30 exit=0 dur=191s
-> 运行 gen_rss.py 生成 RSS feed.xml ...
✓ /Users/linhuichen/code/trade/static-site/data/feed.xml 生成（30 items）
→ 运行 build_min.py 重新生成 min JS ...
=== build_min: JS(terser) + CSS(rcssmin) ===
  terser terser 5.49.0 可用
  ✓ static-site/common.js (19,462B) -> static-site/common.min.js (12,511B, -35.7%)
  ✓ static-site/app.js (458,084B) -> static-site/app.min.js (266,245B, -41.9%)
  ✓ static-site/lab.js (346,410B) -> static-site/lab.min.js (206,800B, -40.3%)
  ✓ static-site/style.css (135,794B) -> static-site/style.min.css (101,111B, -25.5%)
  ✓ static-site/lab.css (57,985B) -> static-site/lab.min.css (44,595B, -23.1%)
完成（built=5 skipped=0）。记得跑 bump_asset_version.py 刷新 ?v= 版本号。
✓ build_min.py 完成
-> 上传 lab 到 R2 ...
✓ lab_backtest.json (63KB)
✓ lab_backtest_bj50.json (25KB)
✓ lab_backtest_csi1000.json (25KB)
✓ lab_backtest_csi500.json (25KB)
✓ lab_backtest_cyb.json (25KB)
✓ lab_backtest_fusion_bj50.json (118KB)
✓ lab_backtest_fusion_csi1000.json (118KB)
✓ lab_backtest_fusion_csi500.json (119KB)
✓ lab_backtest_fusion_cyb.json (119KB)
✓ lab_backtest_fusion_hs300.json (119KB)
✓ lab_backtest_fusion_kc50.json (117KB)
✓ lab_backtest_fusion_sh.json (119KB)
✓ lab_backtest_fusion_sz.json (119KB)
✓ lab_backtest_fusion_sz50.json (119KB)
✓ lab_backtest_hs300.json (25KB)
✓ lab_backtest_kc50.json (25KB)
✓ lab_backtest_sh.json (25KB)
✓ lab_backtest_sz.json (25KB)
✓ lab_backtest_sz50.json (25KB)
✓ lab_retest_bj50.json (3KB)
✓ lab_retest_csi1000.json (21KB)
✓ lab_retest_csi500.json (22KB)
✓ lab_retest_cyb.json (11KB)
✓ lab_retest_honors.json (4KB)
✓ lab_retest_hs300.json (21KB)
✓ lab_retest_kc50.json (17KB)
✓ lab_retest_sh.json (21KB)
✓ lab_retest_sz.json (21KB)
✓ lab_retest_sz50.json (22KB)
✓ lab_sim_bj50_full.json (1932KB)
✓ lab_sim_bj50_fusion_full.json (2593KB)
✓ lab_sim_bj50_fusion_stats.json (338KB)
✓ lab_sim_bj50_stats.json (143KB)
✓ lab_sim_csi1000_full.json (3760KB)
✓ lab_sim_csi1000_fusion_full.json (4648KB)
✓ lab_sim_csi1000_fusion_stats.json (338KB)
✓ lab_sim_csi1000_stats.json (143KB)
✓ lab_sim_csi500_full.json (4980KB)
✓ lab_sim_csi500_fusion_full.json (6197KB)
✓ lab_sim_csi500_fusion_stats.json (337KB)
✓ lab_sim_csi500_stats.json (143KB)
✓ lab_sim_cyb_full.json (4326KB)
✓ lab_sim_cyb_fusion_full.json (5507KB)
✓ lab_sim_cyb_fusion_stats.json (337KB)
✓ lab_sim_cyb_stats.json (142KB)
✓ lab_sim_hs300_full.json (5150KB)
✓ lab_sim_hs300_fusion_full.json (6203KB)
✓ lab_sim_hs300_fusion_stats.json (338KB)
✓ lab_sim_hs300_stats.json (143KB)
✓ lab_sim_kc50_full.json (2570KB)
✓ lab_sim_kc50_fusion_full.json (3353KB)
✓ lab_sim_kc50_fusion_stats.json (319KB)
✓ lab_sim_kc50_stats.json (142KB)
✓ lab_sim_sh_full.json (6376KB)
✓ lab_sim_sh_fusion_full.json (7745KB)
✓ lab_sim_sh_fusion_stats.json (338KB)
✓ lab_sim_sh_stats.json (143KB)
✓ lab_sim_sz50_full.json (4871KB)
✓ lab_sim_sz50_fusion_full.json (5988KB)
✓ lab_sim_sz50_fusion_stats.json (337KB)
✓ lab_sim_sz50_stats.json (143KB)
✓ lab_sim_sz_full.json (6395KB)
✓ lab_sim_sz_fusion_full.json (7950KB)
✓ lab_sim_sz_fusion_stats.json (337KB)
✓ lab_sim_sz_stats.json (143KB)
共上传 65/65 -> https://ssd.fx8.store/lab/
→ git add static-site/data/ + min JS ...
→ git commit: data update [all] 2026-07-22_00:30
Auto packing the repository in background for optimum performance.
See "git help gc" for manual housekeeping.
[feat/iframe-theme-follow 0d85d2f0] data update [all] 2026-07-22_00:30
 553 files changed, 221 insertions(+), 220 deletions(-)
 create mode 100644 static-site/data/signal_stats.json
 create mode 100644 static-site/data/signal_stats.json.gz
→ git push ...
To github.com:xp13465/trade-data-signal.git
   641e8ea5..0d85d2f0  HEAD -> main
✓ push 成功（MaoziYun 自动拉取 git main 部署，有拉取延迟 + max-age=1200 缓存；wrangler 未安装，worker/headers.js 待迁 CF Workers 后手动 wrangler deploy）
=== deploy.sh 结束 2026-07-22 00:30:59 退出码=0 ===
