=== futures_backfill.sh 开始 2026-07-17 21:00:05 ===
交易日判断: IS_TRADING=1 FORCE=0
-> 采集期货机构持仓当日 + compute_accuracy ...
[futures_position] 20260717: collected 15 variety-role combos across roles (top20, 中信期货, 国泰君安)
[futures] 20260717: collected 15 variety-role combos (top20, 中信期货, 国泰君安)
[futures] accuracy: 45 rows
期货采集退出码=0(0=有新数据,非0=源未发布/为空)
-> 持 deploy 锁推送（串行化 git，可能排队等 backfill/etf）...
=== deploy.sh 开始 2026-07-17 21:00:06 ===
→ 运行 export.py 生成静态 JSON ...
  overview.json (55770 bytes)
  a-stock-1m.json (57506 bytes)
  a-stock-3m.json (142106 bytes)
  a-stock-6m.json (267279 bytes)
  a-stock-1y.json (533190 bytes)
  a-stock-3y.json (1579705 bytes)
  a-stock-5y.json (2604848 bytes)
  a-stock-all.json (6854234 bytes)
  hk-1m.json (45288 bytes)
  hk-3m.json (110342 bytes)
  hk-6m.json (205860 bytes)
  hk-1y.json (412080 bytes)
  hk-3y.json (1205334 bytes)
  hk-5y.json (2006150 bytes)
  hk-all.json (4539180 bytes)
  global-1m.json (48599 bytes)
  global-3m.json (112985 bytes)
  global-6m.json (210581 bytes)
  global-1y.json (415482 bytes)
  global-3y.json (1219782 bytes)
  global-5y.json (1844878 bytes)
  global-all.json (3917711 bytes)
  global-extras-all.json (1065958 bytes)
  sentiment-1m.json (36164 bytes)
  sentiment-3m.json (85631 bytes)
  sentiment-6m.json (158301 bytes)
  sentiment-1y.json (313161 bytes)
  sentiment-3y.json (926093 bytes)
  sentiment-5y.json (1542623 bytes)
  sentiment-all.json (4243846 bytes)
  industry-1m.json (417924 bytes)
  industry-3m.json (972874 bytes)
  industry-6m.json (1802778 bytes)
  industry-1y.json (3428469 bytes)
  industry-3y.json (9568352 bytes)
  industry-5y.json (14710930 bytes)
  industry-all 拆分: 31 行业 + 27 概念 + meta
  metrics.json (2089 bytes)
  futures.json (423108 bytes)
  ad_line.json (38451 bytes)
  volume_ratio.json (45645 bytes)
  position.json (1362 bytes)
  summary.json (1277 bytes)
  summary_history.json (119323 bytes)
  signal_freq.json (250 bytes)
  rotation.json (37049 bytes)
  new_high_low.json (25883 bytes)
  ma_alignment.json (19175 bytes)
  intraday_snapshot.json (10492 bytes)
  etf_national_team-1m.json (66108 bytes)
  etf_national_team-3m.json (179285 bytes)
  etf_national_team-6m.json (347601 bytes)
  etf_national_team-1y.json (707268 bytes)
  etf_national_team-3y.json (2111210 bytes)
  etf_national_team-5y.json (3473475 bytes)
  etf_national_team-all.json (7659072 bytes)
  etf_national_team_quarterly.json (34288 bytes)
  etf_national_team_holders.json (27485 bytes)
  index/*.json (90 files)

导出完成：211 个 JSON 文件，138.4 MB
  - overview: 1
  - tab ranges: 5 tabs × 7 ranges
  - metrics: 1
  - index detail: 90 (all range, full history)
输出目录: /Users/linhuichen/code/trade/static-site/data
✓ export.py 完成
-> 运行 gen_schedule_stats.py 刷新任务执行统计 ...
✓ static-site/data/schedule_stats.json (7 tasks)
  收盘全量     17:50                  est=约15分钟    last=2026-07-16 17:50 exit=0 dur=2940s
  指数补采兜底   16:35 / 20:00 / 02:00  est=约4分钟     last=2026-07-17 19:55 exit=0 dur=285s
  盘中快照     盘中 09:35-15:35         est=约1分钟     last=2026-07-16 15:35 exit=0 dur=73s
  期货机构持仓   20:05 + 21:00(兜底)      est=约22秒     last=2026-07-17 20:05 exit=0 dur=25s
  龙虎榜      18:30 + 19:30(兜底)      est=约43秒     last=2026-07-17 19:30 exit=0 dur=52s
  两融       23:00                  est=约1秒      last=2026-07-16 23:00 exit=0 dur=1s
  ETF国家队   20:07 + 21:30(兜底)      est=约2分钟     last=2026-07-17 20:07 exit=0 dur=191s
→ 运行 build_min.py 重新生成 min JS ...
=== terser minify 构建 ===
  terser terser 5.49.0 可用
  ✓ web/app.js (330,922B) → web/app.min.js (190,445B, -42.5%) + app.min.js.map (178,302B)
  ✓ web/lab.js (245,513B) → web/lab.min.js (145,989B, -40.5%) + lab.min.js.map (121,821B)
  ✓ static-site/app.js (335,333B) → static-site/app.min.js (192,208B, -42.7%) + app.min.js.map (180,573B)
  ✓ static-site/lab.js (245,459B) → static-site/lab.min.js (145,935B, -40.5%) + lab.min.js.map (121,821B)
完成。记得跑 bump_asset_version.py 刷新 ?v= 版本号。
✓ build_min.py 完成
→ git add static-site/data/ + min JS ...
→ git commit: data update [futures] 2026-07-17_21:00
[feat/iframe-theme-follow 3637aa9] data update [futures] 2026-07-17_21:00
 10 files changed, 14 insertions(+), 14 deletions(-)
→ git push ...
To github.com:xp13465/trade-data-signal.git
   9431fc3..3637aa9  HEAD -> main
✓ push 成功（Cloudflare wrangler deploy 将自动部署）
=== deploy.sh 结束 2026-07-17 21:00:31 退出码=0 ===
=== futures_backfill.sh 结束 2026-07-17 21:00:31 deploy=0 ===
