=== intraday_snapshot.sh 开始 2026-07-13 18:17:08 ===
交易日判断: IS_TRADING=1 FORCE=0
-> 采集盘中快照 ...
[intraday] 开始采集盘中实时快照 2026-07-13 18:17:09
  0%|          | 0/2 [00:00<?, ?it/s]100%|██████████| 2/2 [00:00<00:00, 12.79it/s]                                             [intraday] 快照完成：9 指数 / 31 行业 (收盘快照)，0.7s -> intraday_snapshot.json
  [intraday] index_daily 反哺完成：9 条（来源：实时快照，amount=NULL）
  [intraday] sentiment_sz50: 5455天, 末日=20260713=28.1
  [intraday] sentiment_hs300: 5933天, 末日=20260713=22.85
  [intraday] sentiment_csi500: 5212天, 末日=20260713=19.93
  [intraday] sentiment_csi1000: 2839天, 末日=20260713=14.82
  [intraday] sentiment_cyb: 3898天, 末日=20260713=20.4
  [intraday] sentiment_kc50: 1566天, 末日=20260713=31.55
  [intraday] fear_greed 重算: 4484天, 末日=20260713=22.64
  [intraday] 静态 JSON dump 完成：overview + sentiment×5 + index detail×9
[intraday] 反哺+重算+export 完成（9 指数反哺）
-> commit + push static-site/data/intraday_snapshot.json（持 deploy 锁串行）msg="data update [intraday] 2026-07-13_18:17" ...
[main d4b6edc] data update [intraday] 2026-07-13_18:17
 1 file changed, 1 insertion(+), 1 deletion(-)
✓ git commit 完成
To github.com:xp13465/trade-data-signal.git
   3ef3ab6..d4b6edc  main -> main
=== intraday_snapshot.sh 结束 2026-07-13 18:17:16 退出码=0 ===
