=== intraday_snapshot.sh 开始 2026-07-14 11:05:04 ===
交易日判断: IS_TRADING=1 FORCE=0
-> 采集盘中快照 ...
[intraday] 开始采集盘中实时快照 2026-07-14 11:05:05
  0%|          | 0/2 [00:00<?, ?it/s]100%|██████████| 2/2 [00:00<00:00, 11.66it/s]                                             [intraday] 快照完成：12 指数（9 A 股 + 3 港股） / 31 行业 (盘中实时小结)，3.1s -> intraday_snapshot.json
  [intraday] index_daily 反哺完成：12 条（来源：实时快照，amount=NULL）
  [intraday] index_daily 行业反哺完成：31 条
  [intraday] sentiment_sz50: 5456天, 末日=20260714=37.62
  [intraday] sentiment_hs300: 5934天, 末日=20260714=38.46
  [intraday] sentiment_csi500: 5213天, 末日=20260714=27.8
  [intraday] sentiment_csi1000: 2840天, 末日=20260714=27.79
  [intraday] sentiment_cyb: 3899天, 末日=20260714=38.48
  [intraday] sentiment_kc50: 1567天, 末日=20260714=27.92
  [intraday] fear_greed 重算: 4485天, 末日=20260714=33.01
  [intraday] 静态 JSON dump 完成：overview + sentiment×5 + index detail×12 + hk×7
[intraday] 反哺+重算+export 完成（12 指数 + 31 行业反哺）
-> commit + push static-site/data/intraday_snapshot.json（持 deploy 锁串行）msg="data update [intraday] 2026-07-14_11:05" ...
[feat/iframe-theme-follow 47c1e93] data update [intraday] 2026-07-14_11:05
 1 file changed, 1 insertion(+), 1 deletion(-)
✓ git commit 完成
To github.com:xp13465/trade-data-signal.git
   5c0e0ac..47c1e93  feat/iframe-theme-follow -> feat/iframe-theme-follow
=== intraday_snapshot.sh 结束 2026-07-14 11:05:17 退出码=0 ===
