=== lhb_backfill.sh 开始 2026-07-16 18:30:05 ===
交易日判断: IS_TRADING=1 FORCE=0
-> 单采龙虎榜当日 (group=lhb) ...
  0%|          | 0/1 [00:00<?, ?it/s]100%|██████████| 1/1 [00:00<00:00,  9.48it/s]                                             [lhb] lhb_count = 102
  0%|          | 0/1 [00:00<?, ?it/s]100%|██████████| 1/1 [00:00<00:00,  8.38it/s]                                             [lhb] lhb_inst_net = -18.11
[lhb] date=20260716 ok=2 fail=0
龙虎榜采集退出码=0(0=有新数据,非0=源未发布/为空)
-> 重算情绪分 ...
[volume_ratio] 计算完成: 2558 天, 写入 10219 条 metric
=== 计算完成: §4情绪分=2549天  sz50=5458天  hs300=5936天  csi500=5215天  csi1000=2842天  cyb=3901天  kc50=1569天  §6跨市场=4660天  买卖点=16432个  派生公式=2365行  AD Line=10232行  量比=2558天  位置感=24行  恐贪指数=4487天  买卖点stats=109品种(124695B)  新高新低=43415行  均线排列=25872行  板块轮动=6行 ===
-> 持 deploy 锁推送（串行化 git）...
=== deploy.sh 开始 2026-07-16 18:30:20 ===
→ 运行 export.py 生成静态 JSON ...
  overview.json (54832 bytes)
  a-stock-1m.json (56516 bytes)
  a-stock-3m.json (140945 bytes)
  a-stock-6m.json (263962 bytes)
  a-stock-1y.json (532042 bytes)
  a-stock-3y.json (1578530 bytes)
  a-stock-5y.json (2601531 bytes)
  a-stock-all.json (6850917 bytes)
  hk-1m.json (44665 bytes)
  hk-3m.json (109740 bytes)
  hk-6m.json (203668 bytes)
  hk-1y.json (411473 bytes)
  hk-3y.json (1203142 bytes)
  hk-5y.json (2003958 bytes)
  hk-all.json (4536988 bytes)
  global-1m.json (48299 bytes)
  global-3m.json (112377 bytes)
  global-6m.json (208446 bytes)
  global-1y.json (414924 bytes)
  global-3y.json (1219078 bytes)
  global-5y.json (1842806 bytes)
  global-all.json (3915639 bytes)
  global-extras-all.json (1065019 bytes)
  sentiment-1m.json (36324 bytes)
  sentiment-3m.json (86295 bytes)
  sentiment-6m.json (156984 bytes)
  sentiment-1y.json (313021 bytes)
  sentiment-3y.json (925940 bytes)
  sentiment-5y.json (1541306 bytes)
  sentiment-all.json (4242529 bytes)
  industry-1m.json (423510 bytes)
  industry-3m.json (978360 bytes)
  industry-6m.json (1794537 bytes)
  industry-1y.json (3432948 bytes)
  industry-3y.json (9571846 bytes)
  industry-5y.json (14703092 bytes)
  industry-all 拆分: 31 行业 + 27 概念 + meta
  metrics.json (2099 bytes)
  futures.json (422622 bytes)
  ad_line.json (38452 bytes)
  volume_ratio.json (45641 bytes)
  position.json (1367 bytes)
  summary.json (1290 bytes)
  summary_history.json (119387 bytes)
  signal_freq.json (251 bytes)
  rotation.json (37046 bytes)
  new_high_low.json (25888 bytes)
  ma_alignment.json (19173 bytes)
  intraday_snapshot.json (10617 bytes)
  etf_national_team-1m.json (63520 bytes)
  etf_national_team-3m.json (176332 bytes)
  etf_national_team-6m.json (341877 bytes)
  etf_national_team-1y.json (704302 bytes)
  etf_national_team-3y.json (2108243 bytes)
  etf_national_team-5y.json (3467751 bytes)
  etf_national_team-all.json (7653348 bytes)
  etf_national_team_quarterly.json (34288 bytes)
  etf_national_team_holders.json (27485 bytes)
  index/*.json (90 files)

导出完成：211 个 JSON 文件，138.3 MB
  - overview: 1
  - tab ranges: 5 tabs × 7 ranges
  - metrics: 1
  - index detail: 90 (all range, full history)
输出目录: /Users/linhuichen/code/trade/static-site/data
✓ export.py 完成
-> 运行 gen_schedule_stats.py 刷新任务执行统计 ...
✓ static-site/data/schedule_stats.json (7 tasks)
  收盘全量     17:50                  est=约8分钟     last=2026-07-15 17:50 exit=0 dur=955s
  指数补采兜底   16:35 / 20:00 / 02:00  est=约2分钟     last=2026-07-16 16:35 exit=1 dur=152s
  盘中快照     盘中 09:35-15:35         est=约1分钟     last=2026-07-16 15:35 exit=0 dur=73s
  期货机构持仓   20:05 + 21:00(兜底)      est=约1秒      last=2026-07-15 20:05 exit=0 dur=1s
  龙虎榜      18:30 + 19:30(兜底)      est=约40秒     last=2026-07-15 18:30 exit=0 dur=40s
  两融       23:00                  est=约1秒      last=2026-07-15 22:10 exit=0 dur=1s
  ETF国家队   20:07 + 21:30(兜底)      est=约1分钟     last=2026-07-15 20:07 exit=0 dur=68s
→ 运行 build_min.py 重新生成 min JS ...
=== terser minify 构建 ===
  terser terser 5.49.0 可用
  ✓ web/app.js (327,747B) → web/app.min.js (189,568B, -42.2%) + app.min.js.map (177,562B)
  ✓ web/lab.js (160,181B) → web/lab.min.js (100,298B, -37.4%) + lab.min.js.map (80,095B)
  ✓ static-site/app.js (332,147B) → static-site/app.min.js (191,320B, -42.4%) + app.min.js.map (179,812B)
  ✓ static-site/lab.js (160,163B) → static-site/lab.min.js (100,280B, -37.4%) + lab.min.js.map (80,095B)
完成。记得跑 bump_asset_version.py 刷新 ?v= 版本号。
✓ build_min.py 完成
→ git add static-site/data/ + min JS ...
→ git commit: data update [lhb] 2026-07-16_18:30
[feat/iframe-theme-follow f399fee] data update [lhb] 2026-07-16_18:30
 10 files changed, 10 insertions(+), 10 deletions(-)
→ git push ...
To github.com:xp13465/trade-data-signal.git
   e49686f..f399fee  HEAD -> main
✓ push 成功（Cloudflare wrangler deploy 将自动部署）
=== deploy.sh 结束 2026-07-16 18:30:48 退出码=0 ===
=== lhb_backfill.sh 结束 2026-07-16 18:30:48 deploy=0 ===
