=== lhb_backfill.sh 开始 2026-07-15 18:30:05 ===
交易日判断: IS_TRADING=1 FORCE=0
-> 单采龙虎榜当日 (group=lhb) ...
  0%|          | 0/1 [00:00<?, ?it/s]100%|██████████| 1/1 [00:00<00:00,  9.56it/s]                                             [lhb] lhb_count = 96
  0%|          | 0/1 [00:00<?, ?it/s]100%|██████████| 1/1 [00:00<00:00,  7.90it/s]                                             [lhb] lhb_inst_net = 11.46
[lhb] date=20260715 ok=2 fail=0
-> 重算情绪分 ...
[volume_ratio] 计算完成: 2557 天, 写入 10215 条 metric
=== 计算完成: §4情绪分=2548天  sz50=5457天  hs300=5935天  csi500=5214天  csi1000=2841天  cyb=3900天  kc50=1568天  §6跨市场=4653天  买卖点=14667个  派生公式=2363行  AD Line=10228行  量比=2557天  位置感=24行  恐贪指数=4486天  买卖点stats=92品种(106373B)  新高新低=43410行  均线排列=25869行  板块轮动=3行 ===
-> 持 deploy 锁推送（串行化 git）...
=== deploy.sh 开始 2026-07-15 18:30:18 ===
→ 运行 export.py 生成静态 JSON ...
  overview.json (54864 bytes)
  a-stock-1m.json (56404 bytes)
  a-stock-3m.json (140678 bytes)
  a-stock-6m.json (263723 bytes)
  a-stock-1y.json (531814 bytes)
  a-stock-3y.json (1576128 bytes)
  a-stock-5y.json (2601174 bytes)
  a-stock-all.json (6848515 bytes)
  hk-1m.json (9981 bytes)
  hk-3m.json (28283 bytes)
  hk-6m.json (54819 bytes)
  hk-1y.json (112922 bytes)
  hk-3y.json (335680 bytes)
  hk-5y.json (559418 bytes)
  hk-all.json (1193459 bytes)
  global-1m.json (28041 bytes)
  global-3m.json (64427 bytes)
  global-6m.json (118054 bytes)
  global-1y.json (235313 bytes)
  global-3y.json (689817 bytes)
  global-5y.json (1129695 bytes)
  global-all.json (3139805 bytes)
  global-extras-all.json (930603 bytes)
  sentiment-1m.json (34032 bytes)
  sentiment-3m.json (80453 bytes)
  sentiment-6m.json (145321 bytes)
  sentiment-1y.json (289687 bytes)
  sentiment-3y.json (855622 bytes)
  sentiment-5y.json (1426063 bytes)
  sentiment-all.json (3931581 bytes)
  industry-1m.json (418061 bytes)
  industry-3m.json (972626 bytes)
  industry-6m.json (1788823 bytes)
  industry-1y.json (3426203 bytes)
  industry-3y.json (9552756 bytes)
  industry-5y.json (14693368 bytes)
  industry-all 拆分: 31 行业 + concepts + meta
  metrics.json (2055 bytes)
  futures.json (422141 bytes)
  ad_line.json (38453 bytes)
  volume_ratio.json (45626 bytes)
  position.json (1364 bytes)
  summary.json (1241 bytes)
  summary_history.json (119288 bytes)
  signal_freq.json (252 bytes)
  rotation.json (36900 bytes)
  new_high_low.json (25892 bytes)
  ma_alignment.json (19171 bytes)
  intraday_snapshot.json (5764 bytes)
  etf_national_team-1m.json (63985 bytes)
  etf_national_team-3m.json (176062 bytes)
  etf_national_team-6m.json (343228 bytes)
  etf_national_team-1y.json (704293 bytes)
  etf_national_team-3y.json (2105215 bytes)
  etf_national_team-5y.json (3467456 bytes)
  etf_national_team-all.json (7650320 bytes)
  etf_national_team_quarterly.json (34288 bytes)
  etf_national_team_holders.json (27485 bytes)
  index/*.json (77 files)

导出完成：198 个 JSON 文件，125.6 MB
  - overview: 1
  - tab ranges: 5 tabs × 7 ranges
  - metrics: 1
  - index detail: 77 (all range, full history)
输出目录: /Users/linhuichen/code/trade/static-site/data
✓ export.py 完成
→ 运行 build_min.py 重新生成 min JS ...
=== terser minify 构建 ===
  terser terser 5.49.0 可用
  ✓ web/app.js (301,088B) → web/app.min.js (175,551B, -41.7%) + app.min.js.map (165,069B)
  ✓ web/lab.js (141,295B) → web/lab.min.js (89,183B, -36.9%) + lab.min.js.map (71,410B)
  ✓ static-site/app.js (305,667B) → static-site/app.min.js (177,300B, -42.0%) + app.min.js.map (167,320B)
  ✓ static-site/lab.js (141,265B) → static-site/lab.min.js (89,102B, -36.9%) + lab.min.js.map (71,317B)
完成。记得跑 bump_asset_version.py 刷新 ?v= 版本号。
✓ build_min.py 完成
→ git add static-site/data/ + min JS ...
→ git commit: data update [lhb] 2026-07-15_18:30
[feat/iframe-theme-follow e549c25] data update [lhb] 2026-07-15_18:30
 35 files changed, 35 insertions(+), 35 deletions(-)
→ git push ...
To github.com:xp13465/trade-data-signal.git
   54a42e4..e549c25  HEAD -> main
✓ push 成功（Cloudflare wrangler deploy 将自动部署）
=== deploy.sh 结束 2026-07-15 18:30:45 退出码=0 ===
=== lhb_backfill.sh 结束 2026-07-15 18:30:45 deploy=0 ===
