=== pipeline[futures] ејҖе§Ӣ 2026-07-14 17:50:01 steps=futures ===
-> [futures] йҮҮйӣҶ steps=futures ...
[futures_position] 20260714: collected 15 variety-role combos across roles (top20, дёӯдҝЎжңҹиҙ§, еӣҪжі°еҗӣе®ү)
=== йҮҮйӣҶ 20260714 е®ҢжҲҗ (steps=['futures']): ok=2 fail=0 ===
  [  ok] futures_position           collected 20260714
  [  ok] futures_accuracy           45 rows
-> [futures] зӯүеҫ… deploy й”ҒпјҲдёІиЎҢеҢ– gitпјү...
=== deploy.sh ејҖе§Ӣ 2026-07-14 17:50:02 ===
вҶ’ иҝҗиЎҢ export.py з”ҹжҲҗйқҷжҖҒ JSON ...
  overview.json (54139 bytes)
  a-stock-1m.json (52167 bytes)
  a-stock-3m.json (138605 bytes)
  a-stock-6m.json (261660 bytes)
  a-stock-1y.json (529737 bytes)
  a-stock-3y.json (1571891 bytes)
  a-stock-5y.json (2598952 bytes)
  a-stock-all.json (6844278 bytes)
  hk-1m.json (9444 bytes)
  hk-3m.json (28197 bytes)
  hk-6m.json (54752 bytes)
  hk-1y.json (112835 bytes)
  hk-3y.json (335143 bytes)
  hk-5y.json (559343 bytes)
  hk-all.json (1192922 bytes)
  global-1m.json (26804 bytes)
  global-3m.json (64046 bytes)
  global-6m.json (117673 bytes)
  global-1y.json (234972 bytes)
  global-3y.json (688579 bytes)
  global-5y.json (1129559 bytes)
  global-all.json (3138567 bytes)
  sentiment-1m.json (32915 bytes)
  sentiment-3m.json (80891 bytes)
  sentiment-6m.json (145272 bytes)
  sentiment-1y.json (289979 bytes)
  sentiment-3y.json (854505 bytes)
  sentiment-5y.json (1426029 bytes)
  sentiment-all.json (3930464 bytes)
  industry-1m.json (400256 bytes)
  industry-3m.json (968579 bytes)
  industry-6m.json (1784952 bytes)
  industry-1y.json (3421121 bytes)
  industry-3y.json (9535350 bytes)
  industry-5y.json (14685740 bytes)
  industry-all жӢҶеҲҶ: 31 иЎҢдёҡ + concepts + meta
  metrics.json (2055 bytes)
  futures.json (422934 bytes)
  ad_line.json (38424 bytes)
  volume_ratio.json (45610 bytes)
  position.json (1365 bytes)
  summary.json (1229 bytes)
  summary_history.json (119377 bytes)
  signal_freq.json (324 bytes)
  rotation.json (37093 bytes)
  new_high_low.json (25889 bytes)
  ma_alignment.json (19171 bytes)
  intraday_snapshot.json (5552 bytes)
  etf_national_team-1m.json (63985 bytes)
  etf_national_team-3m.json (178820 bytes)
  etf_national_team-6m.json (347472 bytes)
  etf_national_team-1y.json (707081 bytes)
  etf_national_team-3y.json (2105215 bytes)
  etf_national_team-5y.json (3470175 bytes)
  etf_national_team-all.json (7650320 bytes)
  etf_national_team_quarterly.json (34288 bytes)
  etf_national_team_holders.json (27485 bytes)
  index/*.json (77 files)

еҜјеҮәе®ҢжҲҗпјҡ166 дёӘ JSON ж–Үд»¶пјҢ124.2 MB
  - overview: 1
  - tab ranges: 5 tabs Г— 7 ranges
  - metrics: 1
  - index detail: 77 (all range, full history)
иҫ“еҮәзӣ®еҪ•: /Users/linhuichen/code/trade/static-site/data
вң“ export.py е®ҢжҲҗ
вҶ’ иҝҗиЎҢ build_min.py йҮҚж–°з”ҹжҲҗ min JS ...
=== terser minify жһ„е»ә ===
  terser terser 5.49.0 еҸҜз”Ё
  вң“ web/app.js (275,692B) вҶ’ web/app.min.js (163,372B, -40.7%) + app.min.js.map (152,465B)
  вң“ web/lab.js (140,742B) вҶ’ web/lab.min.js (88,651B, -37.0%) + lab.min.js.map (71,340B)
  вң“ static-site/app.js (280,270B) вҶ’ static-site/app.min.js (165,120B, -41.1%) + app.min.js.map (154,746B)
  вң“ static-site/lab.js (140,712B) вҶ’ static-site/lab.min.js (88,570B, -37.1%) + lab.min.js.map (71,247B)
е®ҢжҲҗгҖӮи®°еҫ—и·‘ bump_asset_version.py еҲ·ж–° ?v= зүҲжң¬еҸ·гҖӮ
вң“ build_min.py е®ҢжҲҗ
вҶ’ git add static-site/data/ + min JS ...
вҶ’ git commit: data update [futures] 2026-07-14_17:50
[feat/iframe-theme-follow 4455604] data update [futures] 2026-07-14_17:50
 125 files changed, 125 insertions(+), 125 deletions(-)
вҶ’ git push ...
To github.com:xp13465/trade-data-signal.git
 ! [rejected]        HEAD -> main (non-fast-forward)
error: failed to push some refs to 'github.com:xp13465/trade-data-signal.git'
hint: Updates were rejected because a pushed branch tip is behind its remote
hint: counterpart. Check out this branch and integrate the remote changes
hint: (e.g. 'git pull ...') before pushing again.
hint: See the 'Note about fast-forwards' in 'git push --help' for details.
/Users/linhuichen/code/trade/scripts/deploy.sh: line 80: PUSH_RCп: unbound variable
вң— [futures] deploy еӨұиҙҘ (rc=1)
=== pipeline[futures] з»“жқҹ 2026-07-14 17:50:26 collect=0 deploy=1 ===
