=== pipeline[futures] 开始 2026-07-16 17:50:05 steps=futures ===
-> [futures] 采集 steps=futures ...
[futures_position] 20260716: collected 15 variety-role combos across roles (top20, 中信期货, 国泰君安)
=== 采集 20260716 完成 (steps=['futures']): ok=2 fail=0 ===
  [  ok] futures_position           collected 20260716
  [  ok] futures_accuracy           45 rows
[futures] 采集退出码=0(部分失败仍继续,非0不阻塞后续)
-> [futures] 等待 deploy 锁（串行化 git）...
=== deploy.sh 开始 2026-07-16 17:50:06 ===
→ 运行 export.py 生成静态 JSON ...
  overview.json (54231 bytes)
  a-stock-1m.json (55561 bytes)
  a-stock-3m.json (139990 bytes)
  a-stock-6m.json (263007 bytes)
  a-stock-1y.json (531087 bytes)
  a-stock-3y.json (1577575 bytes)
  a-stock-5y.json (2600576 bytes)
  a-stock-all.json (6849962 bytes)
  hk-1m.json (44629 bytes)
  hk-3m.json (109704 bytes)
  hk-6m.json (203632 bytes)
  hk-1y.json (411437 bytes)
  hk-3y.json (1203106 bytes)
  hk-5y.json (2003922 bytes)
  hk-all.json (4536952 bytes)
  global-1m.json (47975 bytes)
  global-3m.json (112053 bytes)
  global-6m.json (208122 bytes)
  global-1y.json (414600 bytes)
  global-3y.json (1218754 bytes)
  global-5y.json (1842511 bytes)
  global-all.json (3915344 bytes)
  global-extras-all.json (1064951 bytes)
  sentiment-1m.json (36272 bytes)
  sentiment-3m.json (86243 bytes)
  sentiment-6m.json (156932 bytes)
  sentiment-1y.json (312969 bytes)
  sentiment-3y.json (925888 bytes)
  sentiment-5y.json (1541254 bytes)
  sentiment-all.json (4242477 bytes)
  industry-1m.json (417998 bytes)
  industry-3m.json (972848 bytes)
  industry-6m.json (1789025 bytes)
  industry-1y.json (3427436 bytes)
  industry-3y.json (9566715 bytes)
  industry-5y.json (14697961 bytes)
  industry-all 拆分: 31 行业 + 27 概念 + meta
  metrics.json (2099 bytes)
  futures.json (422622 bytes)
  ad_line.json (38422 bytes)
  volume_ratio.json (45616 bytes)
  position.json (1367 bytes)
  summary.json (1270 bytes)
  summary_history.json (119351 bytes)
  signal_freq.json (251 bytes)
  rotation.json (37046 bytes)
  new_high_low.json (25892 bytes)
  ma_alignment.json (19171 bytes)
  intraday_snapshot.json (10617 bytes)
  etf_national_team-1m.json (63520 bytes)
  etf_national_team-3m.json (176332 bytes)
  etf_national_team-6m.json (341877 bytes)
  etf_national_team-1y.json (704302 bytes)
  etf_national_team-3y.json (2108243 bytes)
  etf_national_team-5y.json (3467751 bytes)
  etf_national_team-all.json (7653348 bytes)
  etf_national_team_quarterly.json (34288 bytes)
  etf_national_team_holders.json (27485 bytes)
  index/*.json (90 files)

导出完成：211 个 JSON 文件，138.3 MB
  - overview: 1
  - tab ranges: 5 tabs × 7 ranges
  - metrics: 1
  - index detail: 90 (all range, full history)
输出目录: /Users/linhuichen/code/trade/static-site/data
✓ export.py 完成
-> 运行 gen_schedule_stats.py 刷新任务执行统计 ...
✓ static-site/data/schedule_stats.json (7 tasks)
  收盘全量     17:50                  est=约8分钟     last=2026-07-15 17:50 exit=0 dur=955s
  指数补采兜底   16:35 / 20:00 / 02:00  est=约2分钟     last=2026-07-16 16:35 exit=1 dur=152s
  盘中快照     盘中 09:35-15:35         est=约1分钟     last=2026-07-16 15:35 exit=0 dur=73s
  期货机构持仓   20:05 + 21:00(兜底)      est=约1秒      last=2026-07-15 20:05 exit=0 dur=1s
  龙虎榜      18:30 + 19:30(兜底)      est=约40秒     last=2026-07-15 18:30 exit=0 dur=40s
  两融       23:00                  est=约1秒      last=2026-07-15 22:10 exit=0 dur=1s
  ETF国家队   20:07 + 21:30(兜底)      est=约1分钟     last=2026-07-15 20:07 exit=0 dur=68s
→ 运行 build_min.py 重新生成 min JS ...
=== terser minify 构建 ===
  terser terser 5.49.0 可用
  ✓ web/app.js (327,747B) → web/app.min.js (189,568B, -42.2%) + app.min.js.map (177,562B)
  ✓ web/lab.js (160,181B) → web/lab.min.js (100,298B, -37.4%) + lab.min.js.map (80,095B)
  ✓ static-site/app.js (332,147B) → static-site/app.min.js (191,320B, -42.4%) + app.min.js.map (179,812B)
  ✓ static-site/lab.js (160,163B) → static-site/lab.min.js (100,280B, -37.4%) + lab.min.js.map (80,095B)
完成。记得跑 bump_asset_version.py 刷新 ?v= 版本号。
✓ build_min.py 完成
→ git add static-site/data/ + min JS ...
→ git commit: data update [futures] 2026-07-16_17:50
[feat/iframe-theme-follow 9aaf2b1] data update [futures] 2026-07-16_17:50
 20 files changed, 22 insertions(+), 22 deletions(-)
→ git push ...
To github.com:xp13465/trade-data-signal.git
   545618d..9aaf2b1  HEAD -> main
✓ push 成功（Cloudflare wrangler deploy 将自动部署）
=== deploy.sh 结束 2026-07-16 17:50:36 退出码=0 ===
=== pipeline[futures] 结束 2026-07-16 17:50:36 collect=0 deploy=0 ===
