=== pipeline[width] 开始 2026-07-15 17:50:07 steps=mootdx,industry_width,width_history ===
-> [width] 采集 steps=mootdx,industry_width,width_history ...
2026-07-15 17:50:09,336 - mootdx - INFO - [-] 选择最快的服务器...
  [100/5203] 000516: ok +1 (last=20260715) | elapsed 74s, 1.3/s, ETA 3792s
  [200/5203] 000669: ok +1 (last=20260715) | elapsed 90s, 2.2/s, ETA 2255s
  [300/5203] 000820: ok +1 (last=20260715) | elapsed 106s, 2.8/s, ETA 1734s
  [400/5203] 000978: ok +1 (last=20260715) | elapsed 122s, 3.3/s, ETA 1467s
  [500/5203] 001338: ok +1 (last=20260715) | elapsed 135s, 3.7/s, ETA 1274s
  [600/5203] 002072: ok +1 (last=20260715) | elapsed 149s, 4.0/s, ETA 1146s
  [700/5203] 002178: ok +1 (last=20260715) | elapsed 165s, 4.2/s, ETA 1063s
  [800/5203] 002283: ok +1 (last=20260715) | elapsed 183s, 4.4/s, ETA 1005s
  [900/5203] 002389: ok +1 (last=20260715) | elapsed 199s, 4.5/s, ETA 954s
  [1000/5203] 002498: ok +1 (last=20260715) | elapsed 220s, 4.5/s, ETA 925s
  [1100/5203] 002606: ok +1 (last=20260715) | elapsed 237s, 4.6/s, ETA 884s
  [1200/5203] 002717: ok +1 (last=20260715) | elapsed 251s, 4.8/s, ETA 837s
  [1300/5203] 002831: ok +1 (last=20260715) | elapsed 267s, 4.9/s, ETA 801s
  [1400/5203] 002940: ok +1 (last=20260715) | elapsed 280s, 5.0/s, ETA 761s
  [1500/5203] 300004: ok +1 (last=20260715) | elapsed 292s, 5.1/s, ETA 720s
  [1600/5203] 300113: ok +1 (last=20260715) | elapsed 306s, 5.2/s, ETA 689s
  [1700/5203] 300222: ok +1 (last=20260715) | elapsed 321s, 5.3/s, ETA 662s
  [1800/5203] 300331: ok +1 (last=20260715) | elapsed 337s, 5.3/s, ETA 637s
  [1900/5203] 300442: ok +1 (last=20260715) | elapsed 353s, 5.4/s, ETA 613s
  [2000/5203] 300546: ok +1 (last=20260715) | elapsed 370s, 5.4/s, ETA 592s
  [2100/5203] 300649: ok +1 (last=20260715) | elapsed 387s, 5.4/s, ETA 572s
  [2200/5203] 300756: ok +1 (last=20260715) | elapsed 403s, 5.5/s, ETA 551s
  [2300/5203] 300859: ok +1 (last=20260715) | elapsed 419s, 5.5/s, ETA 529s
  [2400/5203] 300965: ok +1 (last=20260715) | elapsed 436s, 5.5/s, ETA 509s
  [2500/5203] 301071: ok +1 (last=20260715) | elapsed 451s, 5.5/s, ETA 488s
  [2600/5203] 301189: ok +1 (last=20260715) | elapsed 466s, 5.6/s, ETA 467s
  [2700/5203] 301310: ok +1 (last=20260715) | elapsed 480s, 5.6/s, ETA 445s
  [2800/5203] 301507: ok +1 (last=20260715) | elapsed 491s, 5.7/s, ETA 421s
  [2900/5203] 600008: ok +1 (last=20260715) | elapsed 498s, 5.8/s, ETA 396s
  [3000/5203] 600141: ok +1 (last=20260715) | elapsed 514s, 5.8/s, ETA 377s
  [3100/5203] 600276: ok +1 (last=20260715) | elapsed 530s, 5.8/s, ETA 360s
  [3200/5203] 600409: ok +1 (last=20260715) | elapsed 546s, 5.9/s, ETA 342s
  [3300/5203] 600556: ok +1 (last=20260715) | elapsed 562s, 5.9/s, ETA 324s
  [3400/5203] 600679: ok +1 (last=20260715) | elapsed 578s, 5.9/s, ETA 307s
  [3500/5203] 600797: ok +1 (last=20260715) | elapsed 594s, 5.9/s, ETA 289s
  [3600/5203] 600935: ok +1 (last=20260715) | elapsed 611s, 5.9/s, ETA 272s
  [3700/5203] 601155: ok +1 (last=20260715) | elapsed 632s, 5.9/s, ETA 257s
  [3800/5203] 601727: ok +1 (last=20260715) | elapsed 658s, 5.8/s, ETA 243s
  [3900/5203] 603035: ok +1 (last=20260715) | elapsed 681s, 5.7/s, ETA 227s
  [4000/5203] 603161: ok +1 (last=20260715) | elapsed 696s, 5.8/s, ETA 209s
  [4100/5203] 603285: ok +1 (last=20260715) | elapsed 710s, 5.8/s, ETA 191s
  [4200/5203] 603429: ok +1 (last=20260715) | elapsed 725s, 5.8/s, ETA 173s
  [4300/5203] 603668: ok +1 (last=20260715) | elapsed 742s, 5.8/s, ETA 156s
  [4400/5203] 603866: ok +1 (last=20260715) | elapsed 759s, 5.8/s, ETA 138s
  [4500/5203] 605066: ok +1 (last=20260715) | elapsed 775s, 5.8/s, ETA 121s
  [4600/5203] 688007: ok +1 (last=20260715) | elapsed 795s, 5.8/s, ETA 104s
  [4700/5203] 688120: ok +1 (last=20260715) | elapsed 816s, 5.8/s, ETA 87s
  [4800/5203] 688234: ok +1 (last=20260715) | elapsed 831s, 5.8/s, ETA 70s
  [4900/5203] 688355: ok +1 (last=20260715) | elapsed 846s, 5.8/s, ETA 52s
  [5000/5203] 688519: ok +1 (last=20260715) | elapsed 860s, 5.8/s, ETA 35s
  [5100/5203] 688652: ok +1 (last=20260715) | elapsed 873s, 5.8/s, ETA 18s
  [5200/5203] 688819: ok +1 (last=20260715) | elapsed 885s, 5.9/s, ETA 1s
=== batch done: ok=5200 fail=3 rows=5200 processed=5203 elapsed=885s ===
[F3-recent] 465 rows (31 ind × 15 dates, since 20260625)
[D2-recent] 22 trading days (20260615~20260715), zt total=1982, dt total=551, zb total=914, up total=50687
[D2-recent] wrote: {'written': 130, 'protected_akshare_dates': 8, 'dry_run': False}
=== 采集 20260715 完成 (steps=['mootdx', 'industry_width', 'width_history']): ok=5200 fail=3 ===
  [fail] mootdx_daily               +5200 rows, 5200 ok/3 fail (5203 codes)
  [  ok] industry_width             +465 rows recent
  [  ok] width_history              +22 days recent
-> [width] compute_runner ...
[volume_ratio] 计算完成: 2557 天, 写入 10215 条 metric
=== 计算完成: §4情绪分=2548天  sz50=5457天  hs300=5935天  csi500=5214天  csi1000=2841天  cyb=3900天  kc50=1568天  §6跨市场=4653天  买卖点=14667个  派生公式=2363行  AD Line=10228行  量比=2557天  位置感=24行  恐贪指数=4486天  买卖点stats=92品种(106373B)  新高新低=43410行  均线排列=25869行  板块轮动=3行 ===
-> [width] 等待 deploy 锁（串行化 git）...
=== deploy.sh 开始 2026-07-15 18:05:08 ===
→ 运行 export.py 生成静态 JSON ...
  overview.json (54963 bytes)
  a-stock-1m.json (56530 bytes)
  a-stock-3m.json (140804 bytes)
  a-stock-6m.json (263849 bytes)
  a-stock-1y.json (531940 bytes)
  a-stock-3y.json (1576254 bytes)
  a-stock-5y.json (2601300 bytes)
  a-stock-all.json (6848641 bytes)
  hk-1m.json (9981 bytes)
  hk-3m.json (28283 bytes)
  hk-6m.json (54819 bytes)
  hk-1y.json (112922 bytes)
  hk-3y.json (335680 bytes)
  hk-5y.json (559418 bytes)
  hk-all.json (1193459 bytes)
  global-1m.json (28041 bytes)
  global-3m.json (64427 bytes)
  global-6m.json (118054 bytes)
  global-1y.json (235313 bytes)
  global-3y.json (689817 bytes)
  global-5y.json (1129695 bytes)
  global-all.json (3139805 bytes)
  global-extras-all.json (930603 bytes)
  sentiment-1m.json (34032 bytes)
  sentiment-3m.json (80453 bytes)
  sentiment-6m.json (145321 bytes)
  sentiment-1y.json (289687 bytes)
  sentiment-3y.json (855622 bytes)
  sentiment-5y.json (1426063 bytes)
  sentiment-all.json (3931581 bytes)
  industry-1m.json (418061 bytes)
  industry-3m.json (972626 bytes)
  industry-6m.json (1788823 bytes)
  industry-1y.json (3426203 bytes)
  industry-3y.json (9552756 bytes)
  industry-5y.json (14693368 bytes)
  industry-all 拆分: 31 行业 + concepts + meta
  metrics.json (2055 bytes)
  futures.json (422141 bytes)
  ad_line.json (38453 bytes)
  volume_ratio.json (45640 bytes)
  position.json (1364 bytes)
  summary.json (1256 bytes)
  summary_history.json (119303 bytes)
  signal_freq.json (252 bytes)
  rotation.json (36900 bytes)
  new_high_low.json (25892 bytes)
  ma_alignment.json (19171 bytes)
  intraday_snapshot.json (5575 bytes)
  etf_national_team-1m.json (63985 bytes)
  etf_national_team-3m.json (176062 bytes)
  etf_national_team-6m.json (343228 bytes)
  etf_national_team-1y.json (704293 bytes)
  etf_national_team-3y.json (2105215 bytes)
  etf_national_team-5y.json (3467456 bytes)
  etf_national_team-all.json (7650320 bytes)
  etf_national_team_quarterly.json (34288 bytes)
  etf_national_team_holders.json (27485 bytes)
  index/*.json (77 files)

导出完成：198 个 JSON 文件，125.6 MB
  - overview: 1
  - tab ranges: 5 tabs × 7 ranges
  - metrics: 1
  - index detail: 77 (all range, full history)
输出目录: /Users/linhuichen/code/trade/static-site/data
✓ export.py 完成
→ 运行 build_min.py 重新生成 min JS ...
=== terser minify 构建 ===
  terser terser 5.49.0 可用
  ✓ web/app.js (300,913B) → web/app.min.js (175,472B, -41.7%) + app.min.js.map (164,996B)
  ✓ web/lab.js (141,295B) → web/lab.min.js (89,183B, -36.9%) + lab.min.js.map (71,410B)
  ✓ static-site/app.js (305,492B) → static-site/app.min.js (177,221B, -42.0%) + app.min.js.map (167,247B)
  ✓ static-site/lab.js (141,265B) → static-site/lab.min.js (89,102B, -36.9%) + lab.min.js.map (71,317B)
完成。记得跑 bump_asset_version.py 刷新 ?v= 版本号。
✓ build_min.py 完成
→ git add static-site/data/ + min JS ...
→ git commit: data update [width] 2026-07-15_18:05
[feat/iframe-theme-follow 54a42e4] data update [width] 2026-07-15_18:05
 118 files changed, 118 insertions(+), 118 deletions(-)
→ git push ...
To github.com:xp13465/trade-data-signal.git
   48762d4..54a42e4  HEAD -> main
✓ push 成功（Cloudflare wrangler deploy 将自动部署）
=== deploy.sh 结束 2026-07-15 18:05:39 退出码=0 ===
=== pipeline[width] 结束 2026-07-15 18:05:39 collect=0 deploy=0 ===
