=== pipeline[futures] 开始 2026-07-13 15:33:05 steps=futures ===
-> [futures] 采集 steps=futures ...
[futures_position] 20260713: no data (non-trading day or API error)
无准确率数据可写入
=== 采集 20260713 完成 (steps=['futures']): ok=2 fail=0 ===
  [  ok] futures_position           collected 20260713
  [  ok] futures_accuracy           0 rows
-> [futures] 等待 deploy 锁（串行化 git）...
=== deploy.sh 开始 2026-07-13 15:33:06 ===
→ 运行 export.py 生成静态 JSON ...
  overview.json (51612 bytes)
  a-stock-1m.json (48980 bytes)
  a-stock-3m.json (137554 bytes)
  a-stock-6m.json (260624 bytes)
  a-stock-1y.json (526551 bytes)
  a-stock-all.json (6841092 bytes)
  hk-1m.json (8649 bytes)
  hk-3m.json (27855 bytes)
  hk-6m.json (54415 bytes)
  hk-1y.json (112040 bytes)
  hk-all.json (1192127 bytes)
  global-1m.json (25989 bytes)
  global-3m.json (64199 bytes)
  global-6m.json (117828 bytes)
  global-1y.json (234275 bytes)
  global-all.json (3137870 bytes)
  sentiment-1m.json (31151 bytes)
  sentiment-3m.json (80193 bytes)
  sentiment-6m.json (144698 bytes)
  sentiment-1y.json (288218 bytes)
  sentiment-all.json (3928703 bytes)
  industry-1m.json (389757 bytes)
  industry-3m.json (971745 bytes)
  industry-6m.json (1788262 bytes)
  industry-1y.json (3410622 bytes)
  industry-all 拆分: 31 行业 + concepts + meta
  metrics.json (2055 bytes)
  futures.json (419970 bytes)
  ad_line.json (38454 bytes)
  volume_ratio.json (45621 bytes)
  position.json (1365 bytes)
  summary.json (641 bytes)
  summary_history.json (46242 bytes)
  signal_freq.json (162 bytes)
  rotation.json (37122 bytes)
  new_high_low.json (25894 bytes)
  ma_alignment.json (19169 bytes)
  index/*.json (77 files)

导出完成：146 个 JSON 文件，78.4 MB
  - overview: 1
  - tab ranges: 5 tabs × 5 ranges = 25
  - metrics: 1
  - index detail: 77 (all range, full history)
输出目录: /Users/linhuichen/code/trade/static-site/data
✓ export.py 完成
→ git add static-site/data/ ...
→ git commit: data update [futures] 2026-07-13_15:33
[main 64b15c2] data update [futures] 2026-07-13_15:33
 70 files changed, 70 insertions(+), 70 deletions(-)
→ git push ...
To github.com:xp13465/trade-data-signal.git
   7d1cd5b..64b15c2  main -> main
✓ push 成功（Cloudflare wrangler deploy 将自动部署）
=== deploy.sh 结束 2026-07-13 15:33:21 退出码=0 ===
=== pipeline[futures] 结束 2026-07-13 15:33:21 collect=0 deploy=0 ===
