=== rzhb_backfill.sh 开始 2026-07-15 22:10:04 ===
交易日判断: IS_TRADING=1 FORCE=0
-> 单采两融当日 (func=stock_margin_sse/szse) ...
[rzhb] a_fund_margin ok (1324 rows, latest=20260714, 暂无 20260715)
[rzhb] date=20260715 ok=1 has_today=False
两融无当日新数据（源未发布或为空），跳过重算+推送
=== rzhb_backfill.sh 结束 2026-07-15 22:10:05 退出码=0 ===
=== rzhb_backfill.sh 开始 2026-07-16 23:00:05 ===
交易日判断: IS_TRADING=1 FORCE=0
-> 单采两融当日 (func=stock_margin_sse/szse) ...
[rzhb] a_fund_margin ok (1324 rows, latest=20260715, 暂无 20260716)
[rzhb] date=20260716 ok=1 has_today=False
两融采集退出码=1(0=采到当日新数据,非0=源未发布/为空)
两融无当日新数据（源未发布或为空），跳过重算+推送
=== rzhb_backfill.sh 结束 2026-07-16 23:00:06 退出码=0 ===
=== rzhb_backfill.sh 开始 2026-07-17 23:00:05 ===
交易日判断: IS_TRADING=1 FORCE=0
-> 单采两融当日 (func=stock_margin_sse/szse) ...
[rzhb] a_fund_margin ok (1325 rows, latest=20260716, 暂无 20260717)
[rzhb] date=20260717 ok=1 has_today=False
两融采集退出码=1(0=采到当日新数据,非0=源未发布/为空)
两融无当日新数据（源未发布或为空），跳过重算+推送
=== rzhb_backfill.sh 结束 2026-07-17 23:00:06 退出码=0 ===
